{"C:\\Users\\wisdo\\Desktop\\AltSchool\\Second Semester\\Backend_Engineering\\Blogging_app\\app.js": {"path":"C:\\Users\\wisdo\\Desktop\\AltSchool\\Second Semester\\Backend_Engineering\\Blogging_app\\app.js","statementMap":{"0":{"start":{"line":1,"column":16},"end":{"line":1,"column":34}},"1":{"start":{"line":2,"column":17},"end":{"line":2,"column":36}},"2":{"start":{"line":3,"column":15},"end":{"line":3,"column":32}},"3":{"start":{"line":4,"column":12},"end":{"line":4,"column":26}},"4":{"start":{"line":5,"column":22},"end":{"line":5,"column":55}},"5":{"start":{"line":6,"column":12},"end":{"line":6,"column":32}},"6":{"start":{"line":7,"column":18},"end":{"line":7,"column":47}},"7":{"start":{"line":9,"column":19},"end":{"line":9,"column":49}},"8":{"start":{"line":10,"column":19},"end":{"line":10,"column":49}},"9":{"start":{"line":11,"column":19},"end":{"line":11,"column":49}},"10":{"start":{"line":13,"column":12},"end":{"line":13,"column":21}},"11":{"start":{"line":16,"column":0},"end":{"line":16,"column":18}},"12":{"start":{"line":18,"column":0},"end":{"line":18,"column":31}},"13":{"start":{"line":19,"column":0},"end":{"line":19,"column":34}},"14":{"start":{"line":21,"column":21},"end":{"line":21,"column":30}},"15":{"start":{"line":24,"column":0},"end":{"line":24,"column":24}},"16":{"start":{"line":25,"column":0},"end":{"line":25,"column":49}},"17":{"start":{"line":28,"column":0},"end":{"line":28,"column":25}},"18":{"start":{"line":29,"column":0},"end":{"line":29,"column":15}},"19":{"start":{"line":32,"column":0},"end":{"line":32,"column":15}},"20":{"start":{"line":35,"column":19},"end":{"line":39,"column":2}},"21":{"start":{"line":40,"column":0},"end":{"line":40,"column":28}},"22":{"start":{"line":42,"column":0},"end":{"line":42,"column":44}},"23":{"start":{"line":43,"column":0},"end":{"line":43,"column":45}},"24":{"start":{"line":44,"column":0},"end":{"line":44,"column":45}},"25":{"start":{"line":47,"column":0},"end":{"line":52,"column":3}},"26":{"start":{"line":48,"column":2},"end":{"line":51,"column":5}},"27":{"start":{"line":56,"column":0},"end":{"line":63,"column":3}},"28":{"start":{"line":57,"column":21},"end":{"line":57,"column":42}},"29":{"start":{"line":58,"column":18},"end":{"line":58,"column":72}},"30":{"start":{"line":59,"column":2},"end":{"line":62,"column":5}},"31":{"start":{"line":65,"column":0},"end":{"line":65,"column":21}}},"fnMap":{"0":{"name":"(anonymous_0)","decl":{"start":{"line":47,"column":13},"end":{"line":47,"column":14}},"loc":{"start":{"line":47,"column":33},"end":{"line":52,"column":1}},"line":47},"1":{"name":"(anonymous_1)","decl":{"start":{"line":56,"column":8},"end":{"line":56,"column":9}},"loc":{"start":{"line":56,"column":33},"end":{"line":63,"column":1}},"line":56}},"branchMap":{"0":{"loc":{"start":{"line":57,"column":21},"end":{"line":57,"column":42}},"type":"binary-expr","locations":[{"start":{"line":57,"column":21},"end":{"line":57,"column":35}},{"start":{"line":57,"column":39},"end":{"line":57,"column":42}}],"line":57},"1":{"loc":{"start":{"line":58,"column":18},"end":{"line":58,"column":72}},"type":"binary-expr","locations":[{"start":{"line":58,"column":18},"end":{"line":58,"column":29}},{"start":{"line":58,"column":33},"end":{"line":58,"column":72}}],"line":58}},"s":{"0":3,"1":3,"2":3,"3":3,"4":3,"5":3,"6":3,"7":3,"8":3,"9":3,"10":3,"11":3,"12":3,"13":3,"14":3,"15":3,"16":3,"17":3,"18":3,"19":3,"20":3,"21":3,"22":3,"23":3,"24":3,"25":3,"26":0,"27":3,"28":0,"29":0,"30":0,"31":3},"f":{"0":0,"1":0},"b":{"0":[0,0],"1":[0,0]},"_coverageSchema":"1a1c01bbd47fc00a2c39e90264f33305004495a9","hash":"826a1c2b69ee1168e99f9de049afc7e2519d4ff8"}
,"C:\\Users\\wisdo\\Desktop\\AltSchool\\Second Semester\\Backend_Engineering\\Blogging_app\\controllers\\authController.js": {"path":"C:\\Users\\wisdo\\Desktop\\AltSchool\\Second Semester\\Backend_Engineering\\Blogging_app\\controllers\\authController.js","statementMap":{"0":{"start":{"line":1,"column":15},"end":{"line":1,"column":32}},"1":{"start":{"line":2,"column":12},"end":{"line":2,"column":35}},"2":{"start":{"line":4,"column":13},"end":{"line":4,"column":43}},"3":{"start":{"line":5,"column":20},"end":{"line":5,"column":51}},"4":{"start":{"line":7,"column":17},"end":{"line":14,"column":1}},"5":{"start":{"line":8,"column":18},"end":{"line":8,"column":26}},"6":{"start":{"line":9,"column":16},"end":{"line":12,"column":4}},"7":{"start":{"line":13,"column":2},"end":{"line":13,"column":15}},"8":{"start":{"line":16,"column":0},"end":{"line":39,"column":2}},"9":{"start":{"line":17,"column":2},"end":{"line":38,"column":3}},"10":{"start":{"line":18,"column":70},"end":{"line":18,"column":78}},"11":{"start":{"line":19,"column":17},"end":{"line":25,"column":6}},"12":{"start":{"line":26,"column":4},"end":{"line":26,"column":30}},"13":{"start":{"line":27,"column":4},"end":{"line":27,"column":25}},"14":{"start":{"line":28,"column":18},"end":{"line":28,"column":32}},"15":{"start":{"line":29,"column":4},"end":{"line":35,"column":7}},"16":{"start":{"line":37,"column":4},"end":{"line":37,"column":16}},"17":{"start":{"line":41,"column":0},"end":{"line":62,"column":2}},"18":{"start":{"line":42,"column":2},"end":{"line":61,"column":3}},"19":{"start":{"line":43,"column":32},"end":{"line":43,"column":40}},"20":{"start":{"line":44,"column":4},"end":{"line":45,"column":77}},"21":{"start":{"line":45,"column":6},"end":{"line":45,"column":77}},"22":{"start":{"line":46,"column":17},"end":{"line":46,"column":66}},"23":{"start":{"line":47,"column":4},"end":{"line":48,"column":78}},"24":{"start":{"line":48,"column":6},"end":{"line":48,"column":78}},"25":{"start":{"line":49,"column":4},"end":{"line":49,"column":30}},"26":{"start":{"line":50,"column":4},"end":{"line":50,"column":25}},"27":{"start":{"line":51,"column":18},"end":{"line":51,"column":32}},"28":{"start":{"line":52,"column":4},"end":{"line":58,"column":7}},"29":{"start":{"line":60,"column":4},"end":{"line":60,"column":16}},"30":{"start":{"line":64,"column":0},"end":{"line":93,"column":2}},"31":{"start":{"line":65,"column":20},"end":{"line":65,"column":28}},"32":{"start":{"line":66,"column":15},"end":{"line":66,"column":44}},"33":{"start":{"line":67,"column":2},"end":{"line":67,"column":60}},"34":{"start":{"line":67,"column":13},"end":{"line":67,"column":60}},"35":{"start":{"line":68,"column":2},"end":{"line":92,"column":3}},"36":{"start":{"line":69,"column":23},"end":{"line":69,"column":43}},"37":{"start":{"line":70,"column":4},"end":{"line":70,"column":45}},"38":{"start":{"line":71,"column":29},"end":{"line":73,"column":47}},"39":{"start":{"line":74,"column":17},"end":{"line":74,"column":226}},"40":{"start":{"line":75,"column":20},"end":{"line":75,"column":66}},"41":{"start":{"line":76,"column":4},"end":{"line":76,"column":48}},"42":{"start":{"line":77,"column":4},"end":{"line":81,"column":7}},"43":{"start":{"line":83,"column":4},"end":{"line":83,"column":40}},"44":{"start":{"line":84,"column":4},"end":{"line":84,"column":50}},"45":{"start":{"line":85,"column":4},"end":{"line":85,"column":51}},"46":{"start":{"line":86,"column":4},"end":{"line":86,"column":23}},"47":{"start":{"line":87,"column":4},"end":{"line":91,"column":6}},"48":{"start":{"line":95,"column":0},"end":{"line":128,"column":2}},"49":{"start":{"line":96,"column":2},"end":{"line":127,"column":3}},"50":{"start":{"line":97,"column":18},"end":{"line":97,"column":34}},"51":{"start":{"line":98,"column":24},"end":{"line":98,"column":79}},"52":{"start":{"line":100,"column":17},"end":{"line":103,"column":6}},"53":{"start":{"line":104,"column":4},"end":{"line":105,"column":80}},"54":{"start":{"line":105,"column":6},"end":{"line":105,"column":80}},"55":{"start":{"line":106,"column":42},"end":{"line":106,"column":50}},"56":{"start":{"line":108,"column":4},"end":{"line":108,"column":29}},"57":{"start":{"line":109,"column":4},"end":{"line":109,"column":43}},"58":{"start":{"line":111,"column":4},"end":{"line":111,"column":40}},"59":{"start":{"line":112,"column":4},"end":{"line":112,"column":50}},"60":{"start":{"line":113,"column":4},"end":{"line":113,"column":52}},"61":{"start":{"line":115,"column":4},"end":{"line":115,"column":30}},"62":{"start":{"line":116,"column":4},"end":{"line":116,"column":40}},"63":{"start":{"line":117,"column":21},"end":{"line":117,"column":35}},"64":{"start":{"line":118,"column":4},"end":{"line":124,"column":7}},"65":{"start":{"line":126,"column":4},"end":{"line":126,"column":23}}},"fnMap":{"0":{"name":"(anonymous_0)","decl":{"start":{"line":7,"column":17},"end":{"line":7,"column":18}},"loc":{"start":{"line":7,"column":33},"end":{"line":14,"column":1}},"line":7},"1":{"name":"(anonymous_1)","decl":{"start":{"line":16,"column":21},"end":{"line":16,"column":22}},"loc":{"start":{"line":16,"column":47},"end":{"line":39,"column":1}},"line":16},"2":{"name":"(anonymous_2)","decl":{"start":{"line":41,"column":21},"end":{"line":41,"column":22}},"loc":{"start":{"line":41,"column":47},"end":{"line":62,"column":1}},"line":41},"3":{"name":"(anonymous_3)","decl":{"start":{"line":64,"column":25},"end":{"line":64,"column":26}},"loc":{"start":{"line":64,"column":51},"end":{"line":93,"column":1}},"line":64},"4":{"name":"(anonymous_4)","decl":{"start":{"line":95,"column":24},"end":{"line":95,"column":25}},"loc":{"start":{"line":95,"column":50},"end":{"line":128,"column":1}},"line":95}},"branchMap":{"0":{"loc":{"start":{"line":44,"column":4},"end":{"line":45,"column":77}},"type":"if","locations":[{"start":{"line":44,"column":4},"end":{"line":45,"column":77}},{"start":{},"end":{}}],"line":44},"1":{"loc":{"start":{"line":44,"column":8},"end":{"line":44,"column":27}},"type":"binary-expr","locations":[{"start":{"line":44,"column":8},"end":{"line":44,"column":14}},{"start":{"line":44,"column":18},"end":{"line":44,"column":27}}],"line":44},"2":{"loc":{"start":{"line":47,"column":4},"end":{"line":48,"column":78}},"type":"if","locations":[{"start":{"line":47,"column":4},"end":{"line":48,"column":78}},{"start":{},"end":{}}],"line":47},"3":{"loc":{"start":{"line":47,"column":8},"end":{"line":47,"column":58}},"type":"binary-expr","locations":[{"start":{"line":47,"column":8},"end":{"line":47,"column":13}},{"start":{"line":47,"column":17},"end":{"line":47,"column":58}}],"line":47},"4":{"loc":{"start":{"line":67,"column":2},"end":{"line":67,"column":60}},"type":"if","locations":[{"start":{"line":67,"column":2},"end":{"line":67,"column":60}},{"start":{},"end":{}}],"line":67},"5":{"loc":{"start":{"line":104,"column":4},"end":{"line":105,"column":80}},"type":"if","locations":[{"start":{"line":104,"column":4},"end":{"line":105,"column":80}},{"start":{},"end":{}}],"line":104}},"s":{"0":3,"1":3,"2":3,"3":3,"4":3,"5":2,"6":2,"7":2,"8":3,"9":1,"10":1,"11":1,"12":1,"13":1,"14":1,"15":1,"16":0,"17":3,"18":1,"19":1,"20":1,"21":0,"22":1,"23":1,"24":0,"25":1,"26":1,"27":1,"28":1,"29":0,"30":3,"31":0,"32":0,"33":0,"34":0,"35":0,"36":0,"37":0,"38":0,"39":0,"40":0,"41":0,"42":0,"43":0,"44":0,"45":0,"46":0,"47":0,"48":3,"49":0,"50":0,"51":0,"52":0,"53":0,"54":0,"55":0,"56":0,"57":0,"58":0,"59":0,"60":0,"61":0,"62":0,"63":0,"64":0,"65":0},"f":{"0":2,"1":1,"2":1,"3":0,"4":0},"b":{"0":[0,1],"1":[1,1],"2":[0,1],"3":[1,1],"4":[0,0],"5":[0,0]},"_coverageSchema":"1a1c01bbd47fc00a2c39e90264f33305004495a9","hash":"0c062dfbf3a7af65cd1dfd1f3e052f70ab60f205"}
,"C:\\Users\\wisdo\\Desktop\\AltSchool\\Second Semester\\Backend_Engineering\\Blogging_app\\controllers\\blogController.js": {"path":"C:\\Users\\wisdo\\Desktop\\AltSchool\\Second Semester\\Backend_Engineering\\Blogging_app\\controllers\\blogController.js","statementMap":{"0":{"start":{"line":1,"column":13},"end":{"line":1,"column":43}},"1":{"start":{"line":2,"column":20},"end":{"line":2,"column":51}},"2":{"start":{"line":4,"column":0},"end":{"line":26,"column":2}},"3":{"start":{"line":5,"column":2},"end":{"line":25,"column":3}},"4":{"start":{"line":6,"column":27},"end":{"line":13,"column":17}},"5":{"start":{"line":14,"column":18},"end":{"line":14,"column":44}},"6":{"start":{"line":15,"column":4},"end":{"line":22,"column":7}},"7":{"start":{"line":24,"column":4},"end":{"line":24,"column":16}},"8":{"start":{"line":28,"column":0},"end":{"line":48,"column":2}},"9":{"start":{"line":29,"column":2},"end":{"line":47,"column":3}},"10":{"start":{"line":30,"column":24},"end":{"line":30,"column":51}},"11":{"start":{"line":31,"column":27},"end":{"line":35,"column":17}},"12":{"start":{"line":36,"column":18},"end":{"line":36,"column":44}},"13":{"start":{"line":37,"column":4},"end":{"line":44,"column":7}},"14":{"start":{"line":46,"column":4},"end":{"line":46,"column":16}},"15":{"start":{"line":50,"column":0},"end":{"line":69,"column":2}},"16":{"start":{"line":51,"column":2},"end":{"line":68,"column":3}},"17":{"start":{"line":52,"column":15},"end":{"line":52,"column":28}},"18":{"start":{"line":53,"column":17},"end":{"line":56,"column":6}},"19":{"start":{"line":57,"column":4},"end":{"line":57,"column":62}},"20":{"start":{"line":57,"column":15},"end":{"line":57,"column":62}},"21":{"start":{"line":58,"column":4},"end":{"line":58,"column":24}},"22":{"start":{"line":59,"column":4},"end":{"line":59,"column":22}},"23":{"start":{"line":60,"column":4},"end":{"line":65,"column":7}},"24":{"start":{"line":67,"column":4},"end":{"line":67,"column":16}},"25":{"start":{"line":71,"column":0},"end":{"line":100,"column":2}},"26":{"start":{"line":72,"column":2},"end":{"line":99,"column":3}},"27":{"start":{"line":73,"column":21},"end":{"line":77,"column":5}},"28":{"start":{"line":78,"column":41},"end":{"line":78,"column":49}},"29":{"start":{"line":79,"column":4},"end":{"line":82,"column":8}},"30":{"start":{"line":80,"column":6},"end":{"line":82,"column":8}},"31":{"start":{"line":85,"column":6},"end":{"line":87,"column":73}},"32":{"start":{"line":88,"column":24},"end":{"line":88,"column":40}},"33":{"start":{"line":89,"column":4},"end":{"line":89,"column":39}},"34":{"start":{"line":90,"column":17},"end":{"line":90,"column":44}},"35":{"start":{"line":91,"column":4},"end":{"line":96,"column":7}},"36":{"start":{"line":98,"column":4},"end":{"line":98,"column":16}},"37":{"start":{"line":102,"column":0},"end":{"line":127,"column":2}},"38":{"start":{"line":103,"column":2},"end":{"line":126,"column":3}},"39":{"start":{"line":104,"column":15},"end":{"line":104,"column":28}},"40":{"start":{"line":105,"column":17},"end":{"line":105,"column":40}},"41":{"start":{"line":106,"column":4},"end":{"line":106,"column":62}},"42":{"start":{"line":106,"column":15},"end":{"line":106,"column":62}},"43":{"start":{"line":107,"column":4},"end":{"line":112,"column":8}},"44":{"start":{"line":108,"column":6},"end":{"line":112,"column":8}},"45":{"start":{"line":113,"column":4},"end":{"line":113,"column":40}},"46":{"start":{"line":114,"column":24},"end":{"line":117,"column":6}},"47":{"start":{"line":118,"column":4},"end":{"line":123,"column":7}},"48":{"start":{"line":125,"column":4},"end":{"line":125,"column":16}},"49":{"start":{"line":129,"column":0},"end":{"line":148,"column":2}},"50":{"start":{"line":130,"column":2},"end":{"line":147,"column":3}},"51":{"start":{"line":131,"column":15},"end":{"line":131,"column":28}},"52":{"start":{"line":132,"column":17},"end":{"line":132,"column":40}},"53":{"start":{"line":133,"column":4},"end":{"line":133,"column":62}},"54":{"start":{"line":133,"column":15},"end":{"line":133,"column":62}},"55":{"start":{"line":134,"column":4},"end":{"line":139,"column":8}},"56":{"start":{"line":135,"column":6},"end":{"line":139,"column":8}},"57":{"start":{"line":140,"column":4},"end":{"line":140,"column":37}},"58":{"start":{"line":141,"column":4},"end":{"line":144,"column":7}},"59":{"start":{"line":146,"column":4},"end":{"line":146,"column":16}}},"fnMap":{"0":{"name":"(anonymous_0)","decl":{"start":{"line":4,"column":22},"end":{"line":4,"column":23}},"loc":{"start":{"line":4,"column":48},"end":{"line":26,"column":1}},"line":4},"1":{"name":"(anonymous_1)","decl":{"start":{"line":28,"column":24},"end":{"line":28,"column":25}},"loc":{"start":{"line":28,"column":50},"end":{"line":48,"column":1}},"line":28},"2":{"name":"(anonymous_2)","decl":{"start":{"line":50,"column":18},"end":{"line":50,"column":19}},"loc":{"start":{"line":50,"column":44},"end":{"line":69,"column":1}},"line":50},"3":{"name":"(anonymous_3)","decl":{"start":{"line":71,"column":21},"end":{"line":71,"column":22}},"loc":{"start":{"line":71,"column":47},"end":{"line":100,"column":1}},"line":71},"4":{"name":"(anonymous_4)","decl":{"start":{"line":102,"column":20},"end":{"line":102,"column":21}},"loc":{"start":{"line":102,"column":46},"end":{"line":127,"column":1}},"line":102},"5":{"name":"(anonymous_5)","decl":{"start":{"line":129,"column":21},"end":{"line":129,"column":22}},"loc":{"start":{"line":129,"column":47},"end":{"line":148,"column":1}},"line":129}},"branchMap":{"0":{"loc":{"start":{"line":18,"column":12},"end":{"line":18,"column":31}},"type":"binary-expr","locations":[{"start":{"line":18,"column":12},"end":{"line":18,"column":26}},{"start":{"line":18,"column":30},"end":{"line":18,"column":31}}],"line":18},"1":{"loc":{"start":{"line":40,"column":12},"end":{"line":40,"column":31}},"type":"binary-expr","locations":[{"start":{"line":40,"column":12},"end":{"line":40,"column":26}},{"start":{"line":40,"column":30},"end":{"line":40,"column":31}}],"line":40},"2":{"loc":{"start":{"line":57,"column":4},"end":{"line":57,"column":62}},"type":"if","locations":[{"start":{"line":57,"column":4},"end":{"line":57,"column":62}},{"start":{},"end":{}}],"line":57},"3":{"loc":{"start":{"line":79,"column":4},"end":{"line":82,"column":8}},"type":"if","locations":[{"start":{"line":79,"column":4},"end":{"line":82,"column":8}},{"start":{},"end":{}}],"line":79},"4":{"loc":{"start":{"line":79,"column":8},"end":{"line":79,"column":23}},"type":"binary-expr","locations":[{"start":{"line":79,"column":8},"end":{"line":79,"column":14}},{"start":{"line":79,"column":18},"end":{"line":79,"column":23}}],"line":79},"5":{"loc":{"start":{"line":87,"column":7},"end":{"line":87,"column":72}},"type":"cond-expr","locations":[{"start":{"line":87,"column":30},"end":{"line":87,"column":68}},{"start":{"line":87,"column":71},"end":{"line":87,"column":72}}],"line":87},"6":{"loc":{"start":{"line":106,"column":4},"end":{"line":106,"column":62}},"type":"if","locations":[{"start":{"line":106,"column":4},"end":{"line":106,"column":62}},{"start":{},"end":{}}],"line":106},"7":{"loc":{"start":{"line":107,"column":4},"end":{"line":112,"column":8}},"type":"if","locations":[{"start":{"line":107,"column":4},"end":{"line":112,"column":8}},{"start":{},"end":{}}],"line":107},"8":{"loc":{"start":{"line":133,"column":4},"end":{"line":133,"column":62}},"type":"if","locations":[{"start":{"line":133,"column":4},"end":{"line":133,"column":62}},{"start":{},"end":{}}],"line":133},"9":{"loc":{"start":{"line":134,"column":4},"end":{"line":139,"column":8}},"type":"if","locations":[{"start":{"line":134,"column":4},"end":{"line":139,"column":8}},{"start":{},"end":{}}],"line":134}},"s":{"0":3,"1":3,"2":3,"3":2,"4":2,"5":2,"6":2,"7":0,"8":3,"9":0,"10":0,"11":0,"12":0,"13":0,"14":0,"15":3,"16":1,"17":1,"18":1,"19":1,"20":0,"21":1,"22":1,"23":1,"24":0,"25":3,"26":1,"27":1,"28":1,"29":1,"30":0,"31":1,"32":1,"33":1,"34":1,"35":1,"36":0,"37":3,"38":1,"39":1,"40":1,"41":1,"42":0,"43":1,"44":0,"45":1,"46":1,"47":1,"48":0,"49":3,"50":1,"51":1,"52":1,"53":1,"54":0,"55":1,"56":0,"57":1,"58":1,"59":0},"f":{"0":2,"1":0,"2":1,"3":1,"4":1,"5":1},"b":{"0":[2,2],"1":[0,0],"2":[0,1],"3":[0,1],"4":[1,1],"5":[1,0],"6":[0,1],"7":[0,1],"8":[0,1],"9":[0,1]},"_coverageSchema":"1a1c01bbd47fc00a2c39e90264f33305004495a9","hash":"81adb5002101b57abfea2a3a7e409fc7a788bbc2"}
,"C:\\Users\\wisdo\\Desktop\\AltSchool\\Second Semester\\Backend_Engineering\\Blogging_app\\controllers\\userController.js": {"path":"C:\\Users\\wisdo\\Desktop\\AltSchool\\Second Semester\\Backend_Engineering\\Blogging_app\\controllers\\userController.js","statementMap":{"0":{"start":{"line":1,"column":13},"end":{"line":1,"column":43}},"1":{"start":{"line":2,"column":20},"end":{"line":2,"column":51}},"2":{"start":{"line":4,"column":19},"end":{"line":10,"column":1}},"3":{"start":{"line":5,"column":23},"end":{"line":5,"column":25}},"4":{"start":{"line":6,"column":2},"end":{"line":8,"column":5}},"5":{"start":{"line":7,"column":4},"end":{"line":7,"column":75}},"6":{"start":{"line":7,"column":41},"end":{"line":7,"column":75}},"7":{"start":{"line":9,"column":2},"end":{"line":9,"column":22}},"8":{"start":{"line":12,"column":0},"end":{"line":31,"column":2}},"9":{"start":{"line":13,"column":2},"end":{"line":30,"column":3}},"10":{"start":{"line":14,"column":27},"end":{"line":18,"column":17}},"11":{"start":{"line":19,"column":18},"end":{"line":19,"column":44}},"12":{"start":{"line":20,"column":4},"end":{"line":27,"column":7}},"13":{"start":{"line":29,"column":4},"end":{"line":29,"column":23}},"14":{"start":{"line":33,"column":0},"end":{"line":47,"column":2}},"15":{"start":{"line":34,"column":2},"end":{"line":46,"column":3}},"16":{"start":{"line":35,"column":15},"end":{"line":35,"column":28}},"17":{"start":{"line":36,"column":17},"end":{"line":36,"column":40}},"18":{"start":{"line":37,"column":4},"end":{"line":37,"column":62}},"19":{"start":{"line":37,"column":15},"end":{"line":37,"column":62}},"20":{"start":{"line":38,"column":4},"end":{"line":43,"column":7}},"21":{"start":{"line":45,"column":4},"end":{"line":45,"column":16}},"22":{"start":{"line":49,"column":0},"end":{"line":74,"column":2}},"23":{"start":{"line":50,"column":2},"end":{"line":73,"column":3}},"24":{"start":{"line":52,"column":4},"end":{"line":57,"column":8}},"25":{"start":{"line":53,"column":6},"end":{"line":57,"column":8}},"26":{"start":{"line":59,"column":25},"end":{"line":59,"column":79}},"27":{"start":{"line":61,"column":17},"end":{"line":64,"column":6}},"28":{"start":{"line":65,"column":4},"end":{"line":70,"column":7}},"29":{"start":{"line":72,"column":4},"end":{"line":72,"column":16}},"30":{"start":{"line":76,"column":0},"end":{"line":86,"column":2}},"31":{"start":{"line":77,"column":2},"end":{"line":85,"column":3}},"32":{"start":{"line":78,"column":4},"end":{"line":78,"column":47}},"33":{"start":{"line":79,"column":4},"end":{"line":82,"column":7}},"34":{"start":{"line":84,"column":4},"end":{"line":84,"column":16}}},"fnMap":{"0":{"name":"(anonymous_0)","decl":{"start":{"line":4,"column":19},"end":{"line":4,"column":20}},"loc":{"start":{"line":4,"column":49},"end":{"line":10,"column":1}},"line":4},"1":{"name":"(anonymous_1)","decl":{"start":{"line":6,"column":28},"end":{"line":6,"column":29}},"loc":{"start":{"line":6,"column":39},"end":{"line":8,"column":3}},"line":6},"2":{"name":"(anonymous_2)","decl":{"start":{"line":12,"column":22},"end":{"line":12,"column":23}},"loc":{"start":{"line":12,"column":48},"end":{"line":31,"column":1}},"line":12},"3":{"name":"(anonymous_3)","decl":{"start":{"line":33,"column":18},"end":{"line":33,"column":19}},"loc":{"start":{"line":33,"column":44},"end":{"line":47,"column":1}},"line":33},"4":{"name":"(anonymous_4)","decl":{"start":{"line":49,"column":19},"end":{"line":49,"column":20}},"loc":{"start":{"line":49,"column":45},"end":{"line":74,"column":1}},"line":49},"5":{"name":"(anonymous_5)","decl":{"start":{"line":76,"column":19},"end":{"line":76,"column":20}},"loc":{"start":{"line":76,"column":45},"end":{"line":86,"column":1}},"line":76}},"branchMap":{"0":{"loc":{"start":{"line":7,"column":4},"end":{"line":7,"column":75}},"type":"if","locations":[{"start":{"line":7,"column":4},"end":{"line":7,"column":75}},{"start":{},"end":{}}],"line":7},"1":{"loc":{"start":{"line":23,"column":12},"end":{"line":23,"column":31}},"type":"binary-expr","locations":[{"start":{"line":23,"column":12},"end":{"line":23,"column":26}},{"start":{"line":23,"column":30},"end":{"line":23,"column":31}}],"line":23},"2":{"loc":{"start":{"line":37,"column":4},"end":{"line":37,"column":62}},"type":"if","locations":[{"start":{"line":37,"column":4},"end":{"line":37,"column":62}},{"start":{},"end":{}}],"line":37},"3":{"loc":{"start":{"line":52,"column":4},"end":{"line":57,"column":8}},"type":"if","locations":[{"start":{"line":52,"column":4},"end":{"line":57,"column":8}},{"start":{},"end":{}}],"line":52},"4":{"loc":{"start":{"line":52,"column":8},"end":{"line":52,"column":53}},"type":"binary-expr","locations":[{"start":{"line":52,"column":8},"end":{"line":52,"column":25}},{"start":{"line":52,"column":29},"end":{"line":52,"column":53}}],"line":52}},"s":{"0":3,"1":3,"2":3,"3":1,"4":1,"5":1,"6":1,"7":1,"8":3,"9":1,"10":1,"11":1,"12":1,"13":0,"14":3,"15":1,"16":1,"17":1,"18":1,"19":0,"20":1,"21":0,"22":3,"23":1,"24":1,"25":0,"26":1,"27":1,"28":1,"29":0,"30":3,"31":0,"32":0,"33":0,"34":0},"f":{"0":1,"1":1,"2":1,"3":1,"4":1,"5":0},"b":{"0":[1,0],"1":[1,1],"2":[0,1],"3":[0,1],"4":[1,1]},"_coverageSchema":"1a1c01bbd47fc00a2c39e90264f33305004495a9","hash":"5812b788c7bb4fb79f7f34195cd5c5a21fcbf6aa"}
,"C:\\Users\\wisdo\\Desktop\\AltSchool\\Second Semester\\Backend_Engineering\\Blogging_app\\middlewares\\passport.js": {"path":"C:\\Users\\wisdo\\Desktop\\AltSchool\\Second Semester\\Backend_Engineering\\Blogging_app\\middlewares\\passport.js","statementMap":{"0":{"start":{"line":1,"column":17},"end":{"line":1,"column":36}},"1":{"start":{"line":2,"column":20},"end":{"line":2,"column":52}},"2":{"start":{"line":3,"column":19},"end":{"line":3,"column":53}},"3":{"start":{"line":5,"column":13},"end":{"line":5,"column":43}},"4":{"start":{"line":7,"column":0},"end":{"line":38,"column":2}},"5":{"start":{"line":15,"column":6},"end":{"line":35,"column":7}},"6":{"start":{"line":17,"column":26},"end":{"line":17,"column":63}},"7":{"start":{"line":18,"column":8},"end":{"line":18,"column":31}},"8":{"start":{"line":19,"column":8},"end":{"line":22,"column":12}},"9":{"start":{"line":20,"column":10},"end":{"line":22,"column":12}},"10":{"start":{"line":24,"column":33},"end":{"line":24,"column":72}},"11":{"start":{"line":25,"column":8},"end":{"line":30,"column":12}},"12":{"start":{"line":26,"column":10},"end":{"line":30,"column":12}},"13":{"start":{"line":32,"column":8},"end":{"line":32,"column":33}},"14":{"start":{"line":34,"column":8},"end":{"line":34,"column":20}}},"fnMap":{"0":{"name":"(anonymous_0)","decl":{"start":{"line":14,"column":4},"end":{"line":14,"column":5}},"loc":{"start":{"line":14,"column":29},"end":{"line":36,"column":5}},"line":14}},"branchMap":{"0":{"loc":{"start":{"line":19,"column":8},"end":{"line":22,"column":12}},"type":"if","locations":[{"start":{"line":19,"column":8},"end":{"line":22,"column":12}},{"start":{},"end":{}}],"line":19},"1":{"loc":{"start":{"line":25,"column":8},"end":{"line":30,"column":12}},"type":"if","locations":[{"start":{"line":25,"column":8},"end":{"line":30,"column":12}},{"start":{},"end":{}}],"line":25}},"s":{"0":3,"1":3,"2":3,"3":3,"4":3,"5":4,"6":4,"7":4,"8":4,"9":0,"10":4,"11":4,"12":0,"13":4,"14":0},"f":{"0":4},"b":{"0":[0,4],"1":[0,4]},"_coverageSchema":"1a1c01bbd47fc00a2c39e90264f33305004495a9","hash":"c876849f1886b66d5579473db6ff0573a94661e7"}
,"C:\\Users\\wisdo\\Desktop\\AltSchool\\Second Semester\\Backend_Engineering\\Blogging_app\\models\\blogModel.js": {"path":"C:\\Users\\wisdo\\Desktop\\AltSchool\\Second Semester\\Backend_Engineering\\Blogging_app\\models\\blogModel.js","statementMap":{"0":{"start":{"line":1,"column":17},"end":{"line":1,"column":36}},"1":{"start":{"line":3,"column":15},"end":{"line":3,"column":30}},"2":{"start":{"line":4,"column":17},"end":{"line":4,"column":47}},"3":{"start":{"line":5,"column":19},"end":{"line":46,"column":1}},"4":{"start":{"line":49,"column":0},"end":{"line":56,"column":3}},"5":{"start":{"line":50,"column":2},"end":{"line":50,"column":42}},"6":{"start":{"line":50,"column":25},"end":{"line":50,"column":42}},"7":{"start":{"line":51,"column":29},"end":{"line":51,"column":67}},"8":{"start":{"line":52,"column":31},"end":{"line":54,"column":13}},"9":{"start":{"line":55,"column":2},"end":{"line":55,"column":30}},"10":{"start":{"line":58,"column":13},"end":{"line":58,"column":47}},"11":{"start":{"line":59,"column":0},"end":{"line":59,"column":22}}},"fnMap":{"0":{"name":"(anonymous_0)","decl":{"start":{"line":49,"column":47},"end":{"line":49,"column":48}},"loc":{"start":{"line":49,"column":59},"end":{"line":56,"column":1}},"line":49}},"branchMap":{"0":{"loc":{"start":{"line":50,"column":2},"end":{"line":50,"column":42}},"type":"if","locations":[{"start":{"line":50,"column":2},"end":{"line":50,"column":42}},{"start":{},"end":{}}],"line":50}},"s":{"0":3,"1":3,"2":3,"3":3,"4":3,"5":5,"6":0,"7":5,"8":5,"9":5,"10":3,"11":3},"f":{"0":5},"b":{"0":[0,5]},"_coverageSchema":"1a1c01bbd47fc00a2c39e90264f33305004495a9","hash":"261f8e2e65039c70184eae03fd07bede236216c8"}
,"C:\\Users\\wisdo\\Desktop\\AltSchool\\Second Semester\\Backend_Engineering\\Blogging_app\\models\\userModel.js": {"path":"C:\\Users\\wisdo\\Desktop\\AltSchool\\Second Semester\\Backend_Engineering\\Blogging_app\\models\\userModel.js","statementMap":{"0":{"start":{"line":1,"column":15},"end":{"line":1,"column":32}},"1":{"start":{"line":2,"column":17},"end":{"line":2,"column":36}},"2":{"start":{"line":3,"column":15},"end":{"line":3,"column":32}},"3":{"start":{"line":4,"column":18},"end":{"line":4,"column":38}},"4":{"start":{"line":6,"column":15},"end":{"line":6,"column":30}},"5":{"start":{"line":8,"column":19},"end":{"line":56,"column":2}},"6":{"start":{"line":39,"column":8},"end":{"line":39,"column":37}},"7":{"start":{"line":59,"column":0},"end":{"line":68,"column":3}},"8":{"start":{"line":60,"column":2},"end":{"line":60,"column":50}},"9":{"start":{"line":60,"column":36},"end":{"line":60,"column":50}},"10":{"start":{"line":62,"column":25},"end":{"line":62,"column":61}},"11":{"start":{"line":64,"column":2},"end":{"line":64,"column":33}},"12":{"start":{"line":66,"column":2},"end":{"line":66,"column":35}},"13":{"start":{"line":67,"column":2},"end":{"line":67,"column":9}},"14":{"start":{"line":71,"column":0},"end":{"line":75,"column":3}},"15":{"start":{"line":72,"column":2},"end":{"line":72,"column":64}},"16":{"start":{"line":72,"column":50},"end":{"line":72,"column":64}},"17":{"start":{"line":73,"column":2},"end":{"line":73,"column":46}},"18":{"start":{"line":74,"column":2},"end":{"line":74,"column":9}},"19":{"start":{"line":78,"column":0},"end":{"line":80,"column":2}},"20":{"start":{"line":79,"column":2},"end":{"line":79,"column":63}},"21":{"start":{"line":83,"column":0},"end":{"line":88,"column":2}},"22":{"start":{"line":84,"column":2},"end":{"line":84,"column":45}},"23":{"start":{"line":84,"column":32},"end":{"line":84,"column":45}},"24":{"start":{"line":85,"column":21},"end":{"line":85,"column":59}},"25":{"start":{"line":86,"column":2},"end":{"line":86,"column":59}},"26":{"start":{"line":87,"column":2},"end":{"line":87,"column":46}},"27":{"start":{"line":91,"column":0},"end":{"line":98,"column":2}},"28":{"start":{"line":92,"column":16},"end":{"line":92,"column":54}},"29":{"start":{"line":93,"column":22},"end":{"line":93,"column":77}},"30":{"start":{"line":94,"column":2},"end":{"line":94,"column":40}},"31":{"start":{"line":95,"column":2},"end":{"line":95,"column":66}},"32":{"start":{"line":96,"column":2},"end":{"line":96,"column":34}},"33":{"start":{"line":97,"column":2},"end":{"line":97,"column":15}},"34":{"start":{"line":100,"column":13},"end":{"line":100,"column":47}},"35":{"start":{"line":102,"column":0},"end":{"line":102,"column":22}}},"fnMap":{"0":{"name":"(anonymous_0)","decl":{"start":{"line":38,"column":17},"end":{"line":38,"column":18}},"loc":{"start":{"line":38,"column":32},"end":{"line":40,"column":7}},"line":38},"1":{"name":"(anonymous_1)","decl":{"start":{"line":59,"column":23},"end":{"line":59,"column":24}},"loc":{"start":{"line":59,"column":45},"end":{"line":68,"column":1}},"line":59},"2":{"name":"(anonymous_2)","decl":{"start":{"line":71,"column":23},"end":{"line":71,"column":24}},"loc":{"start":{"line":71,"column":45},"end":{"line":75,"column":1}},"line":71},"3":{"name":"(anonymous_3)","decl":{"start":{"line":78,"column":39},"end":{"line":78,"column":40}},"loc":{"start":{"line":78,"column":73},"end":{"line":80,"column":1}},"line":78},"4":{"name":"(anonymous_4)","decl":{"start":{"line":83,"column":38},"end":{"line":83,"column":39}},"loc":{"start":{"line":83,"column":57},"end":{"line":88,"column":1}},"line":83},"5":{"name":"(anonymous_5)","decl":{"start":{"line":91,"column":35},"end":{"line":91,"column":36}},"loc":{"start":{"line":91,"column":47},"end":{"line":98,"column":1}},"line":91}},"branchMap":{"0":{"loc":{"start":{"line":60,"column":2},"end":{"line":60,"column":50}},"type":"if","locations":[{"start":{"line":60,"column":2},"end":{"line":60,"column":50}},{"start":{},"end":{}}],"line":60},"1":{"loc":{"start":{"line":72,"column":2},"end":{"line":72,"column":64}},"type":"if","locations":[{"start":{"line":72,"column":2},"end":{"line":72,"column":64}},{"start":{},"end":{}}],"line":72},"2":{"loc":{"start":{"line":72,"column":6},"end":{"line":72,"column":48}},"type":"binary-expr","locations":[{"start":{"line":72,"column":6},"end":{"line":72,"column":34}},{"start":{"line":72,"column":38},"end":{"line":72,"column":48}}],"line":72},"3":{"loc":{"start":{"line":84,"column":2},"end":{"line":84,"column":45}},"type":"if","locations":[{"start":{"line":84,"column":2},"end":{"line":84,"column":45}},{"start":{},"end":{}}],"line":84}},"s":{"0":3,"1":3,"2":3,"3":3,"4":3,"5":3,"6":1,"7":3,"8":1,"9":0,"10":1,"11":1,"12":1,"13":1,"14":3,"15":1,"16":1,"17":0,"18":0,"19":3,"20":1,"21":3,"22":4,"23":4,"24":0,"25":0,"26":0,"27":3,"28":0,"29":0,"30":0,"31":0,"32":0,"33":0,"34":3,"35":3},"f":{"0":1,"1":1,"2":1,"3":1,"4":4,"5":0},"b":{"0":[0,1],"1":[1,0],"2":[1,1],"3":[4,0]},"_coverageSchema":"1a1c01bbd47fc00a2c39e90264f33305004495a9","hash":"e6a47856b476fdf957da369cf3ffab3d6207816f"}
,"C:\\Users\\wisdo\\Desktop\\AltSchool\\Second Semester\\Backend_Engineering\\Blogging_app\\routes\\authRoutes.js": {"path":"C:\\Users\\wisdo\\Desktop\\AltSchool\\Second Semester\\Backend_Engineering\\Blogging_app\\routes\\authRoutes.js","statementMap":{"0":{"start":{"line":1,"column":16},"end":{"line":1,"column":34}},"1":{"start":{"line":8,"column":4},"end":{"line":8,"column":44}},"2":{"start":{"line":10,"column":15},"end":{"line":10,"column":31}},"3":{"start":{"line":12,"column":0},"end":{"line":12,"column":35}},"4":{"start":{"line":13,"column":0},"end":{"line":13,"column":35}},"5":{"start":{"line":14,"column":0},"end":{"line":14,"column":47}},"6":{"start":{"line":15,"column":0},"end":{"line":15,"column":53}},"7":{"start":{"line":17,"column":0},"end":{"line":17,"column":24}}},"fnMap":{},"branchMap":{},"s":{"0":3,"1":3,"2":3,"3":3,"4":3,"5":3,"6":3,"7":3},"f":{},"b":{},"_coverageSchema":"1a1c01bbd47fc00a2c39e90264f33305004495a9","hash":"7226a36cfdeedda1332a05e510a5c096b77604ee"}
,"C:\\Users\\wisdo\\Desktop\\AltSchool\\Second Semester\\Backend_Engineering\\Blogging_app\\routes\\blogRoutes.js": {"path":"C:\\Users\\wisdo\\Desktop\\AltSchool\\Second Semester\\Backend_Engineering\\Blogging_app\\routes\\blogRoutes.js","statementMap":{"0":{"start":{"line":1,"column":16},"end":{"line":1,"column":34}},"1":{"start":{"line":2,"column":17},"end":{"line":2,"column":36}},"2":{"start":{"line":11,"column":4},"end":{"line":11,"column":44}},"3":{"start":{"line":13,"column":15},"end":{"line":13,"column":31}},"4":{"start":{"line":15,"column":0},"end":{"line":18,"column":70}},"5":{"start":{"line":20,"column":0},"end":{"line":22,"column":72}},"6":{"start":{"line":24,"column":0},"end":{"line":28,"column":72}},"7":{"start":{"line":30,"column":0},"end":{"line":30,"column":24}}},"fnMap":{},"branchMap":{},"s":{"0":3,"1":3,"2":3,"3":3,"4":3,"5":3,"6":3,"7":3},"f":{},"b":{},"_coverageSchema":"1a1c01bbd47fc00a2c39e90264f33305004495a9","hash":"8325ccadb4f5b1c4dff0f873ac8f23a81b3cfb7e"}
,"C:\\Users\\wisdo\\Desktop\\AltSchool\\Second Semester\\Backend_Engineering\\Blogging_app\\routes\\userRoutes.js": {"path":"C:\\Users\\wisdo\\Desktop\\AltSchool\\Second Semester\\Backend_Engineering\\Blogging_app\\routes\\userRoutes.js","statementMap":{"0":{"start":{"line":1,"column":16},"end":{"line":1,"column":34}},"1":{"start":{"line":2,"column":17},"end":{"line":2,"column":36}},"2":{"start":{"line":9,"column":4},"end":{"line":9,"column":44}},"3":{"start":{"line":11,"column":15},"end":{"line":11,"column":31}},"4":{"start":{"line":13,"column":0},"end":{"line":13,"column":35}},"5":{"start":{"line":14,"column":0},"end":{"line":14,"column":34}},"6":{"start":{"line":15,"column":0},"end":{"line":17,"column":69}},"7":{"start":{"line":18,"column":0},"end":{"line":20,"column":70}},"8":{"start":{"line":22,"column":0},"end":{"line":22,"column":24}}},"fnMap":{},"branchMap":{},"s":{"0":3,"1":3,"2":3,"3":3,"4":3,"5":3,"6":3,"7":3,"8":3},"f":{},"b":{},"_coverageSchema":"1a1c01bbd47fc00a2c39e90264f33305004495a9","hash":"8dba8897b4e919ed811606d4edaef23c3578fcdb"}
,"C:\\Users\\wisdo\\Desktop\\AltSchool\\Second Semester\\Backend_Engineering\\Blogging_app\\utils\\apiFeatures.js": {"path":"C:\\Users\\wisdo\\Desktop\\AltSchool\\Second Semester\\Backend_Engineering\\Blogging_app\\utils\\apiFeatures.js","statementMap":{"0":{"start":{"line":3,"column":4},"end":{"line":3,"column":23}},"1":{"start":{"line":4,"column":4},"end":{"line":4,"column":35}},"2":{"start":{"line":7,"column":25},"end":{"line":16,"column":5}},"3":{"start":{"line":17,"column":24},"end":{"line":17,"column":47}},"4":{"start":{"line":19,"column":4},"end":{"line":19,"column":59}},"5":{"start":{"line":19,"column":34},"end":{"line":19,"column":57}},"6":{"start":{"line":20,"column":4},"end":{"line":20,"column":46}},"7":{"start":{"line":21,"column":4},"end":{"line":25,"column":5}},"8":{"start":{"line":22,"column":6},"end":{"line":24,"column":9}},"9":{"start":{"line":26,"column":4},"end":{"line":29,"column":5}},"10":{"start":{"line":27,"column":19},"end":{"line":27,"column":76}},"11":{"start":{"line":27,"column":65},"end":{"line":27,"column":75}},"12":{"start":{"line":28,"column":6},"end":{"line":28,"column":61}},"13":{"start":{"line":30,"column":4},"end":{"line":34,"column":5}},"14":{"start":{"line":31,"column":6},"end":{"line":33,"column":9}},"15":{"start":{"line":35,"column":4},"end":{"line":35,"column":16}},"16":{"start":{"line":38,"column":4},"end":{"line":43,"column":5}},"17":{"start":{"line":39,"column":21},"end":{"line":39,"column":63}},"18":{"start":{"line":40,"column":6},"end":{"line":40,"column":43}},"19":{"start":{"line":42,"column":6},"end":{"line":42,"column":49}},"20":{"start":{"line":44,"column":4},"end":{"line":44,"column":16}},"21":{"start":{"line":48,"column":4},"end":{"line":53,"column":5}},"22":{"start":{"line":49,"column":21},"end":{"line":49,"column":65}},"23":{"start":{"line":50,"column":6},"end":{"line":50,"column":45}},"24":{"start":{"line":52,"column":6},"end":{"line":52,"column":45}},"25":{"start":{"line":54,"column":4},"end":{"line":54,"column":16}},"26":{"start":{"line":57,"column":17},"end":{"line":57,"column":43}},"27":{"start":{"line":58,"column":18},"end":{"line":58,"column":46}},"28":{"start":{"line":59,"column":17},"end":{"line":59,"column":35}},"29":{"start":{"line":60,"column":4},"end":{"line":60,"column":52}},"30":{"start":{"line":61,"column":4},"end":{"line":61,"column":16}},"31":{"start":{"line":65,"column":0},"end":{"line":65,"column":29}}},"fnMap":{"0":{"name":"(anonymous_0)","decl":{"start":{"line":2,"column":2},"end":{"line":2,"column":3}},"loc":{"start":{"line":2,"column":34},"end":{"line":5,"column":3}},"line":2},"1":{"name":"(anonymous_1)","decl":{"start":{"line":6,"column":2},"end":{"line":6,"column":3}},"loc":{"start":{"line":6,"column":11},"end":{"line":36,"column":3}},"line":6},"2":{"name":"(anonymous_2)","decl":{"start":{"line":19,"column":25},"end":{"line":19,"column":26}},"loc":{"start":{"line":19,"column":34},"end":{"line":19,"column":57}},"line":19},"3":{"name":"(anonymous_3)","decl":{"start":{"line":27,"column":56},"end":{"line":27,"column":57}},"loc":{"start":{"line":27,"column":65},"end":{"line":27,"column":75}},"line":27},"4":{"name":"(anonymous_4)","decl":{"start":{"line":37,"column":2},"end":{"line":37,"column":3}},"loc":{"start":{"line":37,"column":9},"end":{"line":45,"column":3}},"line":37},"5":{"name":"(anonymous_5)","decl":{"start":{"line":46,"column":2},"end":{"line":46,"column":3}},"loc":{"start":{"line":46,"column":12},"end":{"line":55,"column":3}},"line":46},"6":{"name":"(anonymous_6)","decl":{"start":{"line":56,"column":2},"end":{"line":56,"column":3}},"loc":{"start":{"line":56,"column":13},"end":{"line":62,"column":3}},"line":56}},"branchMap":{"0":{"loc":{"start":{"line":21,"column":4},"end":{"line":25,"column":5}},"type":"if","locations":[{"start":{"line":21,"column":4},"end":{"line":25,"column":5}},{"start":{},"end":{}}],"line":21},"1":{"loc":{"start":{"line":26,"column":4},"end":{"line":29,"column":5}},"type":"if","locations":[{"start":{"line":26,"column":4},"end":{"line":29,"column":5}},{"start":{},"end":{}}],"line":26},"2":{"loc":{"start":{"line":30,"column":4},"end":{"line":34,"column":5}},"type":"if","locations":[{"start":{"line":30,"column":4},"end":{"line":34,"column":5}},{"start":{},"end":{}}],"line":30},"3":{"loc":{"start":{"line":38,"column":4},"end":{"line":43,"column":5}},"type":"if","locations":[{"start":{"line":38,"column":4},"end":{"line":43,"column":5}},{"start":{"line":41,"column":11},"end":{"line":43,"column":5}}],"line":38},"4":{"loc":{"start":{"line":48,"column":4},"end":{"line":53,"column":5}},"type":"if","locations":[{"start":{"line":48,"column":4},"end":{"line":53,"column":5}},{"start":{"line":51,"column":11},"end":{"line":53,"column":5}}],"line":48},"5":{"loc":{"start":{"line":57,"column":17},"end":{"line":57,"column":43}},"type":"binary-expr","locations":[{"start":{"line":57,"column":17},"end":{"line":57,"column":38}},{"start":{"line":57,"column":42},"end":{"line":57,"column":43}}],"line":57},"6":{"loc":{"start":{"line":58,"column":18},"end":{"line":58,"column":46}},"type":"binary-expr","locations":[{"start":{"line":58,"column":18},"end":{"line":58,"column":40}},{"start":{"line":58,"column":44},"end":{"line":58,"column":46}}],"line":58}},"s":{"0":3,"1":3,"2":3,"3":3,"4":3,"5":24,"6":3,"7":3,"8":0,"9":3,"10":0,"11":0,"12":0,"13":3,"14":0,"15":3,"16":3,"17":0,"18":0,"19":3,"20":3,"21":3,"22":0,"23":0,"24":3,"25":3,"26":3,"27":3,"28":3,"29":3,"30":3,"31":3},"f":{"0":3,"1":3,"2":24,"3":0,"4":3,"5":3,"6":3},"b":{"0":[0,3],"1":[0,3],"2":[0,3],"3":[0,3],"4":[0,3],"5":[3,3],"6":[3,3]},"_coverageSchema":"1a1c01bbd47fc00a2c39e90264f33305004495a9","hash":"8128152ffe0030b57f7b3536124dbcadfb3e5e7c"}
,"C:\\Users\\wisdo\\Desktop\\AltSchool\\Second Semester\\Backend_Engineering\\Blogging_app\\utils\\emaliSender.js": {"path":"C:\\Users\\wisdo\\Desktop\\AltSchool\\Second Semester\\Backend_Engineering\\Blogging_app\\utils\\emaliSender.js","statementMap":{"0":{"start":{"line":1,"column":19},"end":{"line":1,"column":40}},"1":{"start":{"line":3,"column":20},"end":{"line":23,"column":1}},"2":{"start":{"line":4,"column":18},"end":{"line":11,"column":4}},"3":{"start":{"line":14,"column":15},"end":{"line":20,"column":4}},"4":{"start":{"line":22,"column":2},"end":{"line":22,"column":49}},"5":{"start":{"line":25,"column":0},"end":{"line":25,"column":29}}},"fnMap":{"0":{"name":"(anonymous_0)","decl":{"start":{"line":3,"column":20},"end":{"line":3,"column":21}},"loc":{"start":{"line":3,"column":45},"end":{"line":23,"column":1}},"line":3}},"branchMap":{},"s":{"0":3,"1":3,"2":0,"3":0,"4":0,"5":3},"f":{"0":0},"b":{},"_coverageSchema":"1a1c01bbd47fc00a2c39e90264f33305004495a9","hash":"e9892f4b7efca6a067c68dac7d249d6dcf695604"}
}
