{"C:\\Users\\wisdo\\Desktop\\AltSchool\\Second Semester\\Backend_Engineering\\Blogging_app\\app.js": {"path":"C:\\Users\\wisdo\\Desktop\\AltSchool\\Second Semester\\Backend_Engineering\\Blogging_app\\app.js","statementMap":{"0":{"start":{"line":1,"column":16},"end":{"line":1,"column":34}},"1":{"start":{"line":2,"column":17},"end":{"line":2,"column":36}},"2":{"start":{"line":3,"column":15},"end":{"line":3,"column":32}},"3":{"start":{"line":4,"column":12},"end":{"line":4,"column":26}},"4":{"start":{"line":5,"column":22},"end":{"line":5,"column":55}},"5":{"start":{"line":6,"column":12},"end":{"line":6,"column":32}},"6":{"start":{"line":7,"column":18},"end":{"line":7,"column":47}},"7":{"start":{"line":9,"column":19},"end":{"line":9,"column":49}},"8":{"start":{"line":10,"column":19},"end":{"line":10,"column":49}},"9":{"start":{"line":11,"column":19},"end":{"line":11,"column":49}},"10":{"start":{"line":13,"column":12},"end":{"line":13,"column":21}},"11":{"start":{"line":16,"column":0},"end":{"line":16,"column":18}},"12":{"start":{"line":18,"column":0},"end":{"line":18,"column":31}},"13":{"start":{"line":19,"column":0},"end":{"line":19,"column":34}},"14":{"start":{"line":21,"column":21},"end":{"line":21,"column":30}},"15":{"start":{"line":24,"column":0},"end":{"line":24,"column":24}},"16":{"start":{"line":25,"column":0},"end":{"line":25,"column":49}},"17":{"start":{"line":28,"column":0},"end":{"line":28,"column":25}},"18":{"start":{"line":29,"column":0},"end":{"line":29,"column":15}},"19":{"start":{"line":32,"column":0},"end":{"line":32,"column":15}},"20":{"start":{"line":35,"column":19},"end":{"line":39,"column":2}},"21":{"start":{"line":40,"column":0},"end":{"line":40,"column":28}},"22":{"start":{"line":42,"column":0},"end":{"line":42,"column":44}},"23":{"start":{"line":43,"column":0},"end":{"line":43,"column":45}},"24":{"start":{"line":44,"column":0},"end":{"line":44,"column":45}},"25":{"start":{"line":47,"column":0},"end":{"line":52,"column":3}},"26":{"start":{"line":48,"column":2},"end":{"line":51,"column":5}},"27":{"start":{"line":56,"column":0},"end":{"line":64,"column":3}},"28":{"start":{"line":57,"column":2},"end":{"line":57,"column":19}},"29":{"start":{"line":58,"column":21},"end":{"line":58,"column":42}},"30":{"start":{"line":59,"column":18},"end":{"line":59,"column":72}},"31":{"start":{"line":60,"column":2},"end":{"line":63,"column":5}},"32":{"start":{"line":66,"column":0},"end":{"line":66,"column":21}}},"fnMap":{"0":{"name":"(anonymous_0)","decl":{"start":{"line":47,"column":13},"end":{"line":47,"column":14}},"loc":{"start":{"line":47,"column":33},"end":{"line":52,"column":1}},"line":47},"1":{"name":"(anonymous_1)","decl":{"start":{"line":56,"column":8},"end":{"line":56,"column":9}},"loc":{"start":{"line":56,"column":33},"end":{"line":64,"column":1}},"line":56}},"branchMap":{"0":{"loc":{"start":{"line":58,"column":21},"end":{"line":58,"column":42}},"type":"binary-expr","locations":[{"start":{"line":58,"column":21},"end":{"line":58,"column":35}},{"start":{"line":58,"column":39},"end":{"line":58,"column":42}}],"line":58},"1":{"loc":{"start":{"line":59,"column":18},"end":{"line":59,"column":72}},"type":"binary-expr","locations":[{"start":{"line":59,"column":18},"end":{"line":59,"column":29}},{"start":{"line":59,"column":33},"end":{"line":59,"column":72}}],"line":59}},"s":{"0":1,"1":1,"2":1,"3":1,"4":1,"5":1,"6":1,"7":1,"8":1,"9":1,"10":1,"11":1,"12":1,"13":1,"14":1,"15":1,"16":1,"17":1,"18":1,"19":1,"20":1,"21":1,"22":1,"23":1,"24":1,"25":1,"26":0,"27":1,"28":1,"29":1,"30":1,"31":1,"32":1},"f":{"0":0,"1":1},"b":{"0":[1,1],"1":[1,0]},"_coverageSchema":"1a1c01bbd47fc00a2c39e90264f33305004495a9","hash":"40fc4195683de8b739684030b6be31ca4ea761fe"}
,"C:\\Users\\wisdo\\Desktop\\AltSchool\\Second Semester\\Backend_Engineering\\Blogging_app\\controllers\\authController.js": {"path":"C:\\Users\\wisdo\\Desktop\\AltSchool\\Second Semester\\Backend_Engineering\\Blogging_app\\controllers\\authController.js","statementMap":{"0":{"start":{"line":1,"column":15},"end":{"line":1,"column":32}},"1":{"start":{"line":2,"column":12},"end":{"line":2,"column":35}},"2":{"start":{"line":4,"column":13},"end":{"line":4,"column":43}},"3":{"start":{"line":5,"column":20},"end":{"line":5,"column":51}},"4":{"start":{"line":7,"column":17},"end":{"line":14,"column":1}},"5":{"start":{"line":8,"column":18},"end":{"line":8,"column":26}},"6":{"start":{"line":9,"column":16},"end":{"line":12,"column":4}},"7":{"start":{"line":13,"column":2},"end":{"line":13,"column":15}},"8":{"start":{"line":16,"column":0},"end":{"line":38,"column":2}},"9":{"start":{"line":17,"column":2},"end":{"line":37,"column":3}},"10":{"start":{"line":18,"column":70},"end":{"line":18,"column":78}},"11":{"start":{"line":19,"column":17},"end":{"line":25,"column":6}},"12":{"start":{"line":26,"column":4},"end":{"line":26,"column":30}},"13":{"start":{"line":27,"column":18},"end":{"line":27,"column":32}},"14":{"start":{"line":28,"column":4},"end":{"line":34,"column":7}},"15":{"start":{"line":36,"column":4},"end":{"line":36,"column":16}},"16":{"start":{"line":40,"column":0},"end":{"line":60,"column":2}},"17":{"start":{"line":41,"column":2},"end":{"line":59,"column":3}},"18":{"start":{"line":42,"column":32},"end":{"line":42,"column":40}},"19":{"start":{"line":43,"column":4},"end":{"line":44,"column":77}},"20":{"start":{"line":44,"column":6},"end":{"line":44,"column":77}},"21":{"start":{"line":45,"column":17},"end":{"line":45,"column":66}},"22":{"start":{"line":46,"column":4},"end":{"line":47,"column":78}},"23":{"start":{"line":47,"column":6},"end":{"line":47,"column":78}},"24":{"start":{"line":48,"column":4},"end":{"line":48,"column":30}},"25":{"start":{"line":49,"column":18},"end":{"line":49,"column":32}},"26":{"start":{"line":50,"column":4},"end":{"line":56,"column":7}},"27":{"start":{"line":58,"column":4},"end":{"line":58,"column":16}},"28":{"start":{"line":62,"column":0},"end":{"line":91,"column":2}},"29":{"start":{"line":63,"column":20},"end":{"line":63,"column":28}},"30":{"start":{"line":64,"column":15},"end":{"line":64,"column":44}},"31":{"start":{"line":65,"column":2},"end":{"line":65,"column":60}},"32":{"start":{"line":65,"column":13},"end":{"line":65,"column":60}},"33":{"start":{"line":66,"column":2},"end":{"line":90,"column":3}},"34":{"start":{"line":67,"column":23},"end":{"line":67,"column":43}},"35":{"start":{"line":68,"column":4},"end":{"line":68,"column":45}},"36":{"start":{"line":69,"column":29},"end":{"line":71,"column":47}},"37":{"start":{"line":72,"column":17},"end":{"line":72,"column":226}},"38":{"start":{"line":73,"column":20},"end":{"line":73,"column":66}},"39":{"start":{"line":74,"column":4},"end":{"line":74,"column":48}},"40":{"start":{"line":75,"column":4},"end":{"line":79,"column":7}},"41":{"start":{"line":81,"column":4},"end":{"line":81,"column":40}},"42":{"start":{"line":82,"column":4},"end":{"line":82,"column":50}},"43":{"start":{"line":83,"column":4},"end":{"line":83,"column":51}},"44":{"start":{"line":84,"column":4},"end":{"line":84,"column":23}},"45":{"start":{"line":85,"column":4},"end":{"line":89,"column":6}},"46":{"start":{"line":93,"column":0},"end":{"line":126,"column":2}},"47":{"start":{"line":94,"column":2},"end":{"line":125,"column":3}},"48":{"start":{"line":95,"column":18},"end":{"line":95,"column":34}},"49":{"start":{"line":96,"column":24},"end":{"line":96,"column":79}},"50":{"start":{"line":98,"column":17},"end":{"line":101,"column":6}},"51":{"start":{"line":102,"column":4},"end":{"line":103,"column":80}},"52":{"start":{"line":103,"column":6},"end":{"line":103,"column":80}},"53":{"start":{"line":104,"column":42},"end":{"line":104,"column":50}},"54":{"start":{"line":106,"column":4},"end":{"line":106,"column":29}},"55":{"start":{"line":107,"column":4},"end":{"line":107,"column":43}},"56":{"start":{"line":109,"column":4},"end":{"line":109,"column":40}},"57":{"start":{"line":110,"column":4},"end":{"line":110,"column":50}},"58":{"start":{"line":111,"column":4},"end":{"line":111,"column":52}},"59":{"start":{"line":113,"column":4},"end":{"line":113,"column":30}},"60":{"start":{"line":114,"column":4},"end":{"line":114,"column":40}},"61":{"start":{"line":115,"column":21},"end":{"line":115,"column":35}},"62":{"start":{"line":116,"column":4},"end":{"line":122,"column":7}},"63":{"start":{"line":124,"column":4},"end":{"line":124,"column":23}}},"fnMap":{"0":{"name":"(anonymous_0)","decl":{"start":{"line":7,"column":17},"end":{"line":7,"column":18}},"loc":{"start":{"line":7,"column":33},"end":{"line":14,"column":1}},"line":7},"1":{"name":"(anonymous_1)","decl":{"start":{"line":16,"column":21},"end":{"line":16,"column":22}},"loc":{"start":{"line":16,"column":47},"end":{"line":38,"column":1}},"line":16},"2":{"name":"(anonymous_2)","decl":{"start":{"line":40,"column":21},"end":{"line":40,"column":22}},"loc":{"start":{"line":40,"column":47},"end":{"line":60,"column":1}},"line":40},"3":{"name":"(anonymous_3)","decl":{"start":{"line":62,"column":25},"end":{"line":62,"column":26}},"loc":{"start":{"line":62,"column":51},"end":{"line":91,"column":1}},"line":62},"4":{"name":"(anonymous_4)","decl":{"start":{"line":93,"column":24},"end":{"line":93,"column":25}},"loc":{"start":{"line":93,"column":50},"end":{"line":126,"column":1}},"line":93}},"branchMap":{"0":{"loc":{"start":{"line":43,"column":4},"end":{"line":44,"column":77}},"type":"if","locations":[{"start":{"line":43,"column":4},"end":{"line":44,"column":77}},{"start":{},"end":{}}],"line":43},"1":{"loc":{"start":{"line":43,"column":8},"end":{"line":43,"column":27}},"type":"binary-expr","locations":[{"start":{"line":43,"column":8},"end":{"line":43,"column":14}},{"start":{"line":43,"column":18},"end":{"line":43,"column":27}}],"line":43},"2":{"loc":{"start":{"line":46,"column":4},"end":{"line":47,"column":78}},"type":"if","locations":[{"start":{"line":46,"column":4},"end":{"line":47,"column":78}},{"start":{},"end":{}}],"line":46},"3":{"loc":{"start":{"line":46,"column":8},"end":{"line":46,"column":58}},"type":"binary-expr","locations":[{"start":{"line":46,"column":8},"end":{"line":46,"column":13}},{"start":{"line":46,"column":17},"end":{"line":46,"column":58}}],"line":46},"4":{"loc":{"start":{"line":65,"column":2},"end":{"line":65,"column":60}},"type":"if","locations":[{"start":{"line":65,"column":2},"end":{"line":65,"column":60}},{"start":{},"end":{}}],"line":65},"5":{"loc":{"start":{"line":102,"column":4},"end":{"line":103,"column":80}},"type":"if","locations":[{"start":{"line":102,"column":4},"end":{"line":103,"column":80}},{"start":{},"end":{}}],"line":102}},"s":{"0":1,"1":1,"2":1,"3":1,"4":1,"5":0,"6":0,"7":0,"8":1,"9":0,"10":0,"11":0,"12":0,"13":0,"14":0,"15":0,"16":1,"17":0,"18":0,"19":0,"20":0,"21":0,"22":0,"23":0,"24":0,"25":0,"26":0,"27":0,"28":1,"29":0,"30":0,"31":0,"32":0,"33":0,"34":0,"35":0,"36":0,"37":0,"38":0,"39":0,"40":0,"41":0,"42":0,"43":0,"44":0,"45":0,"46":1,"47":0,"48":0,"49":0,"50":0,"51":0,"52":0,"53":0,"54":0,"55":0,"56":0,"57":0,"58":0,"59":0,"60":0,"61":0,"62":0,"63":0},"f":{"0":0,"1":0,"2":0,"3":0,"4":0},"b":{"0":[0,0],"1":[0,0],"2":[0,0],"3":[0,0],"4":[0,0],"5":[0,0]},"_coverageSchema":"1a1c01bbd47fc00a2c39e90264f33305004495a9","hash":"3eb38514ad296e1daf3c4864f82bc1895fb6975b"}
,"C:\\Users\\wisdo\\Desktop\\AltSchool\\Second Semester\\Backend_Engineering\\Blogging_app\\controllers\\blogController.js": {"path":"C:\\Users\\wisdo\\Desktop\\AltSchool\\Second Semester\\Backend_Engineering\\Blogging_app\\controllers\\blogController.js","statementMap":{"0":{"start":{"line":1,"column":13},"end":{"line":1,"column":43}},"1":{"start":{"line":2,"column":20},"end":{"line":2,"column":51}},"2":{"start":{"line":4,"column":0},"end":{"line":26,"column":2}},"3":{"start":{"line":5,"column":2},"end":{"line":25,"column":3}},"4":{"start":{"line":6,"column":27},"end":{"line":13,"column":17}},"5":{"start":{"line":14,"column":18},"end":{"line":14,"column":44}},"6":{"start":{"line":15,"column":4},"end":{"line":22,"column":7}},"7":{"start":{"line":24,"column":4},"end":{"line":24,"column":16}},"8":{"start":{"line":28,"column":0},"end":{"line":48,"column":2}},"9":{"start":{"line":29,"column":2},"end":{"line":47,"column":3}},"10":{"start":{"line":30,"column":24},"end":{"line":30,"column":51}},"11":{"start":{"line":31,"column":27},"end":{"line":35,"column":17}},"12":{"start":{"line":36,"column":18},"end":{"line":36,"column":44}},"13":{"start":{"line":37,"column":4},"end":{"line":44,"column":7}},"14":{"start":{"line":46,"column":4},"end":{"line":46,"column":16}},"15":{"start":{"line":50,"column":0},"end":{"line":69,"column":2}},"16":{"start":{"line":51,"column":2},"end":{"line":68,"column":3}},"17":{"start":{"line":52,"column":15},"end":{"line":52,"column":28}},"18":{"start":{"line":53,"column":17},"end":{"line":56,"column":6}},"19":{"start":{"line":57,"column":4},"end":{"line":57,"column":62}},"20":{"start":{"line":57,"column":15},"end":{"line":57,"column":62}},"21":{"start":{"line":58,"column":4},"end":{"line":58,"column":24}},"22":{"start":{"line":59,"column":4},"end":{"line":59,"column":22}},"23":{"start":{"line":60,"column":4},"end":{"line":65,"column":7}},"24":{"start":{"line":67,"column":4},"end":{"line":67,"column":16}},"25":{"start":{"line":71,"column":0},"end":{"line":101,"column":2}},"26":{"start":{"line":72,"column":2},"end":{"line":72,"column":28}},"27":{"start":{"line":73,"column":2},"end":{"line":100,"column":3}},"28":{"start":{"line":74,"column":21},"end":{"line":78,"column":5}},"29":{"start":{"line":79,"column":41},"end":{"line":79,"column":49}},"30":{"start":{"line":80,"column":4},"end":{"line":83,"column":8}},"31":{"start":{"line":81,"column":6},"end":{"line":83,"column":8}},"32":{"start":{"line":86,"column":6},"end":{"line":88,"column":73}},"33":{"start":{"line":89,"column":24},"end":{"line":89,"column":40}},"34":{"start":{"line":90,"column":4},"end":{"line":90,"column":39}},"35":{"start":{"line":91,"column":17},"end":{"line":91,"column":44}},"36":{"start":{"line":92,"column":4},"end":{"line":97,"column":7}},"37":{"start":{"line":99,"column":4},"end":{"line":99,"column":16}},"38":{"start":{"line":103,"column":0},"end":{"line":128,"column":2}},"39":{"start":{"line":104,"column":2},"end":{"line":127,"column":3}},"40":{"start":{"line":105,"column":15},"end":{"line":105,"column":28}},"41":{"start":{"line":106,"column":17},"end":{"line":106,"column":40}},"42":{"start":{"line":107,"column":4},"end":{"line":107,"column":62}},"43":{"start":{"line":107,"column":15},"end":{"line":107,"column":62}},"44":{"start":{"line":108,"column":4},"end":{"line":113,"column":8}},"45":{"start":{"line":109,"column":6},"end":{"line":113,"column":8}},"46":{"start":{"line":114,"column":4},"end":{"line":114,"column":40}},"47":{"start":{"line":115,"column":24},"end":{"line":118,"column":6}},"48":{"start":{"line":119,"column":4},"end":{"line":124,"column":7}},"49":{"start":{"line":126,"column":4},"end":{"line":126,"column":16}},"50":{"start":{"line":130,"column":0},"end":{"line":149,"column":2}},"51":{"start":{"line":131,"column":2},"end":{"line":148,"column":3}},"52":{"start":{"line":132,"column":15},"end":{"line":132,"column":28}},"53":{"start":{"line":133,"column":17},"end":{"line":133,"column":40}},"54":{"start":{"line":134,"column":4},"end":{"line":134,"column":62}},"55":{"start":{"line":134,"column":15},"end":{"line":134,"column":62}},"56":{"start":{"line":135,"column":4},"end":{"line":140,"column":8}},"57":{"start":{"line":136,"column":6},"end":{"line":140,"column":8}},"58":{"start":{"line":141,"column":4},"end":{"line":141,"column":37}},"59":{"start":{"line":142,"column":4},"end":{"line":145,"column":7}},"60":{"start":{"line":147,"column":4},"end":{"line":147,"column":16}}},"fnMap":{"0":{"name":"(anonymous_0)","decl":{"start":{"line":4,"column":22},"end":{"line":4,"column":23}},"loc":{"start":{"line":4,"column":48},"end":{"line":26,"column":1}},"line":4},"1":{"name":"(anonymous_1)","decl":{"start":{"line":28,"column":24},"end":{"line":28,"column":25}},"loc":{"start":{"line":28,"column":50},"end":{"line":48,"column":1}},"line":28},"2":{"name":"(anonymous_2)","decl":{"start":{"line":50,"column":18},"end":{"line":50,"column":19}},"loc":{"start":{"line":50,"column":44},"end":{"line":69,"column":1}},"line":50},"3":{"name":"(anonymous_3)","decl":{"start":{"line":71,"column":21},"end":{"line":71,"column":22}},"loc":{"start":{"line":71,"column":47},"end":{"line":101,"column":1}},"line":71},"4":{"name":"(anonymous_4)","decl":{"start":{"line":103,"column":20},"end":{"line":103,"column":21}},"loc":{"start":{"line":103,"column":46},"end":{"line":128,"column":1}},"line":103},"5":{"name":"(anonymous_5)","decl":{"start":{"line":130,"column":21},"end":{"line":130,"column":22}},"loc":{"start":{"line":130,"column":47},"end":{"line":149,"column":1}},"line":130}},"branchMap":{"0":{"loc":{"start":{"line":18,"column":12},"end":{"line":18,"column":31}},"type":"binary-expr","locations":[{"start":{"line":18,"column":12},"end":{"line":18,"column":26}},{"start":{"line":18,"column":30},"end":{"line":18,"column":31}}],"line":18},"1":{"loc":{"start":{"line":40,"column":12},"end":{"line":40,"column":31}},"type":"binary-expr","locations":[{"start":{"line":40,"column":12},"end":{"line":40,"column":26}},{"start":{"line":40,"column":30},"end":{"line":40,"column":31}}],"line":40},"2":{"loc":{"start":{"line":57,"column":4},"end":{"line":57,"column":62}},"type":"if","locations":[{"start":{"line":57,"column":4},"end":{"line":57,"column":62}},{"start":{},"end":{}}],"line":57},"3":{"loc":{"start":{"line":80,"column":4},"end":{"line":83,"column":8}},"type":"if","locations":[{"start":{"line":80,"column":4},"end":{"line":83,"column":8}},{"start":{},"end":{}}],"line":80},"4":{"loc":{"start":{"line":80,"column":8},"end":{"line":80,"column":23}},"type":"binary-expr","locations":[{"start":{"line":80,"column":8},"end":{"line":80,"column":14}},{"start":{"line":80,"column":18},"end":{"line":80,"column":23}}],"line":80},"5":{"loc":{"start":{"line":88,"column":7},"end":{"line":88,"column":72}},"type":"cond-expr","locations":[{"start":{"line":88,"column":30},"end":{"line":88,"column":68}},{"start":{"line":88,"column":71},"end":{"line":88,"column":72}}],"line":88},"6":{"loc":{"start":{"line":107,"column":4},"end":{"line":107,"column":62}},"type":"if","locations":[{"start":{"line":107,"column":4},"end":{"line":107,"column":62}},{"start":{},"end":{}}],"line":107},"7":{"loc":{"start":{"line":108,"column":4},"end":{"line":113,"column":8}},"type":"if","locations":[{"start":{"line":108,"column":4},"end":{"line":113,"column":8}},{"start":{},"end":{}}],"line":108},"8":{"loc":{"start":{"line":134,"column":4},"end":{"line":134,"column":62}},"type":"if","locations":[{"start":{"line":134,"column":4},"end":{"line":134,"column":62}},{"start":{},"end":{}}],"line":134},"9":{"loc":{"start":{"line":135,"column":4},"end":{"line":140,"column":8}},"type":"if","locations":[{"start":{"line":135,"column":4},"end":{"line":140,"column":8}},{"start":{},"end":{}}],"line":135}},"s":{"0":1,"1":1,"2":1,"3":0,"4":0,"5":0,"6":0,"7":0,"8":1,"9":0,"10":0,"11":0,"12":0,"13":0,"14":0,"15":1,"16":0,"17":0,"18":0,"19":0,"20":0,"21":0,"22":0,"23":0,"24":0,"25":1,"26":0,"27":0,"28":0,"29":0,"30":0,"31":0,"32":0,"33":0,"34":0,"35":0,"36":0,"37":0,"38":1,"39":0,"40":0,"41":0,"42":0,"43":0,"44":0,"45":0,"46":0,"47":0,"48":0,"49":0,"50":1,"51":0,"52":0,"53":0,"54":0,"55":0,"56":0,"57":0,"58":0,"59":0,"60":0},"f":{"0":0,"1":0,"2":0,"3":0,"4":0,"5":0},"b":{"0":[0,0],"1":[0,0],"2":[0,0],"3":[0,0],"4":[0,0],"5":[0,0],"6":[0,0],"7":[0,0],"8":[0,0],"9":[0,0]},"_coverageSchema":"1a1c01bbd47fc00a2c39e90264f33305004495a9","hash":"268283752a2daa72273c1e740293fbde71d724cf"}
,"C:\\Users\\wisdo\\Desktop\\AltSchool\\Second Semester\\Backend_Engineering\\Blogging_app\\controllers\\userController.js": {"path":"C:\\Users\\wisdo\\Desktop\\AltSchool\\Second Semester\\Backend_Engineering\\Blogging_app\\controllers\\userController.js","statementMap":{"0":{"start":{"line":1,"column":13},"end":{"line":1,"column":43}},"1":{"start":{"line":2,"column":20},"end":{"line":2,"column":51}},"2":{"start":{"line":4,"column":19},"end":{"line":10,"column":1}},"3":{"start":{"line":5,"column":23},"end":{"line":5,"column":25}},"4":{"start":{"line":6,"column":2},"end":{"line":8,"column":5}},"5":{"start":{"line":7,"column":4},"end":{"line":7,"column":75}},"6":{"start":{"line":7,"column":41},"end":{"line":7,"column":75}},"7":{"start":{"line":9,"column":2},"end":{"line":9,"column":22}},"8":{"start":{"line":12,"column":0},"end":{"line":31,"column":2}},"9":{"start":{"line":13,"column":2},"end":{"line":30,"column":3}},"10":{"start":{"line":14,"column":27},"end":{"line":18,"column":17}},"11":{"start":{"line":19,"column":18},"end":{"line":19,"column":44}},"12":{"start":{"line":20,"column":4},"end":{"line":27,"column":7}},"13":{"start":{"line":29,"column":4},"end":{"line":29,"column":23}},"14":{"start":{"line":33,"column":0},"end":{"line":47,"column":2}},"15":{"start":{"line":34,"column":2},"end":{"line":46,"column":3}},"16":{"start":{"line":35,"column":15},"end":{"line":35,"column":28}},"17":{"start":{"line":36,"column":17},"end":{"line":36,"column":40}},"18":{"start":{"line":37,"column":4},"end":{"line":37,"column":62}},"19":{"start":{"line":37,"column":15},"end":{"line":37,"column":62}},"20":{"start":{"line":38,"column":4},"end":{"line":43,"column":7}},"21":{"start":{"line":45,"column":4},"end":{"line":45,"column":16}},"22":{"start":{"line":49,"column":0},"end":{"line":74,"column":2}},"23":{"start":{"line":50,"column":2},"end":{"line":73,"column":3}},"24":{"start":{"line":52,"column":4},"end":{"line":57,"column":8}},"25":{"start":{"line":53,"column":6},"end":{"line":57,"column":8}},"26":{"start":{"line":59,"column":25},"end":{"line":59,"column":79}},"27":{"start":{"line":61,"column":17},"end":{"line":64,"column":6}},"28":{"start":{"line":65,"column":4},"end":{"line":70,"column":7}},"29":{"start":{"line":72,"column":4},"end":{"line":72,"column":16}},"30":{"start":{"line":76,"column":0},"end":{"line":86,"column":2}},"31":{"start":{"line":77,"column":2},"end":{"line":85,"column":3}},"32":{"start":{"line":78,"column":4},"end":{"line":78,"column":66}},"33":{"start":{"line":79,"column":4},"end":{"line":82,"column":7}},"34":{"start":{"line":84,"column":4},"end":{"line":84,"column":16}}},"fnMap":{"0":{"name":"(anonymous_0)","decl":{"start":{"line":4,"column":19},"end":{"line":4,"column":20}},"loc":{"start":{"line":4,"column":49},"end":{"line":10,"column":1}},"line":4},"1":{"name":"(anonymous_1)","decl":{"start":{"line":6,"column":28},"end":{"line":6,"column":29}},"loc":{"start":{"line":6,"column":39},"end":{"line":8,"column":3}},"line":6},"2":{"name":"(anonymous_2)","decl":{"start":{"line":12,"column":22},"end":{"line":12,"column":23}},"loc":{"start":{"line":12,"column":48},"end":{"line":31,"column":1}},"line":12},"3":{"name":"(anonymous_3)","decl":{"start":{"line":33,"column":18},"end":{"line":33,"column":19}},"loc":{"start":{"line":33,"column":44},"end":{"line":47,"column":1}},"line":33},"4":{"name":"(anonymous_4)","decl":{"start":{"line":49,"column":19},"end":{"line":49,"column":20}},"loc":{"start":{"line":49,"column":45},"end":{"line":74,"column":1}},"line":49},"5":{"name":"(anonymous_5)","decl":{"start":{"line":76,"column":19},"end":{"line":76,"column":20}},"loc":{"start":{"line":76,"column":45},"end":{"line":86,"column":1}},"line":76}},"branchMap":{"0":{"loc":{"start":{"line":7,"column":4},"end":{"line":7,"column":75}},"type":"if","locations":[{"start":{"line":7,"column":4},"end":{"line":7,"column":75}},{"start":{},"end":{}}],"line":7},"1":{"loc":{"start":{"line":23,"column":12},"end":{"line":23,"column":31}},"type":"binary-expr","locations":[{"start":{"line":23,"column":12},"end":{"line":23,"column":26}},{"start":{"line":23,"column":30},"end":{"line":23,"column":31}}],"line":23},"2":{"loc":{"start":{"line":37,"column":4},"end":{"line":37,"column":62}},"type":"if","locations":[{"start":{"line":37,"column":4},"end":{"line":37,"column":62}},{"start":{},"end":{}}],"line":37},"3":{"loc":{"start":{"line":52,"column":4},"end":{"line":57,"column":8}},"type":"if","locations":[{"start":{"line":52,"column":4},"end":{"line":57,"column":8}},{"start":{},"end":{}}],"line":52},"4":{"loc":{"start":{"line":52,"column":8},"end":{"line":52,"column":53}},"type":"binary-expr","locations":[{"start":{"line":52,"column":8},"end":{"line":52,"column":25}},{"start":{"line":52,"column":29},"end":{"line":52,"column":53}}],"line":52}},"s":{"0":1,"1":1,"2":1,"3":0,"4":0,"5":0,"6":0,"7":0,"8":1,"9":0,"10":0,"11":0,"12":0,"13":0,"14":1,"15":0,"16":0,"17":0,"18":0,"19":0,"20":0,"21":0,"22":1,"23":0,"24":0,"25":0,"26":0,"27":0,"28":0,"29":0,"30":1,"31":0,"32":0,"33":0,"34":0},"f":{"0":0,"1":0,"2":0,"3":0,"4":0,"5":0},"b":{"0":[0,0],"1":[0,0],"2":[0,0],"3":[0,0],"4":[0,0]},"_coverageSchema":"1a1c01bbd47fc00a2c39e90264f33305004495a9","hash":"8dc0f924909ed20bfed86b50b801966af4b63da6"}
,"C:\\Users\\wisdo\\Desktop\\AltSchool\\Second Semester\\Backend_Engineering\\Blogging_app\\middlewares\\passport.js": {"path":"C:\\Users\\wisdo\\Desktop\\AltSchool\\Second Semester\\Backend_Engineering\\Blogging_app\\middlewares\\passport.js","statementMap":{"0":{"start":{"line":1,"column":17},"end":{"line":1,"column":36}},"1":{"start":{"line":2,"column":20},"end":{"line":2,"column":52}},"2":{"start":{"line":3,"column":19},"end":{"line":3,"column":53}},"3":{"start":{"line":5,"column":13},"end":{"line":5,"column":43}},"4":{"start":{"line":7,"column":0},"end":{"line":37,"column":2}},"5":{"start":{"line":15,"column":6},"end":{"line":34,"column":7}},"6":{"start":{"line":17,"column":26},"end":{"line":17,"column":63}},"7":{"start":{"line":18,"column":8},"end":{"line":21,"column":12}},"8":{"start":{"line":19,"column":10},"end":{"line":21,"column":12}},"9":{"start":{"line":23,"column":33},"end":{"line":23,"column":72}},"10":{"start":{"line":24,"column":8},"end":{"line":29,"column":12}},"11":{"start":{"line":25,"column":10},"end":{"line":29,"column":12}},"12":{"start":{"line":31,"column":8},"end":{"line":31,"column":33}},"13":{"start":{"line":33,"column":8},"end":{"line":33,"column":20}}},"fnMap":{"0":{"name":"(anonymous_0)","decl":{"start":{"line":14,"column":4},"end":{"line":14,"column":5}},"loc":{"start":{"line":14,"column":29},"end":{"line":35,"column":5}},"line":14}},"branchMap":{"0":{"loc":{"start":{"line":18,"column":8},"end":{"line":21,"column":12}},"type":"if","locations":[{"start":{"line":18,"column":8},"end":{"line":21,"column":12}},{"start":{},"end":{}}],"line":18},"1":{"loc":{"start":{"line":24,"column":8},"end":{"line":29,"column":12}},"type":"if","locations":[{"start":{"line":24,"column":8},"end":{"line":29,"column":12}},{"start":{},"end":{}}],"line":24}},"s":{"0":1,"1":1,"2":1,"3":1,"4":1,"5":1,"6":1,"7":1,"8":1,"9":0,"10":0,"11":0,"12":0,"13":0},"f":{"0":1},"b":{"0":[1,0],"1":[0,0]},"_coverageSchema":"1a1c01bbd47fc00a2c39e90264f33305004495a9","hash":"80ec7d9edb47eaf8532ef6bb8bc6a3860c0e4850"}
,"C:\\Users\\wisdo\\Desktop\\AltSchool\\Second Semester\\Backend_Engineering\\Blogging_app\\models\\blogModel.js": {"path":"C:\\Users\\wisdo\\Desktop\\AltSchool\\Second Semester\\Backend_Engineering\\Blogging_app\\models\\blogModel.js","statementMap":{"0":{"start":{"line":1,"column":17},"end":{"line":1,"column":36}},"1":{"start":{"line":3,"column":15},"end":{"line":3,"column":30}},"2":{"start":{"line":4,"column":17},"end":{"line":4,"column":47}},"3":{"start":{"line":5,"column":19},"end":{"line":46,"column":1}},"4":{"start":{"line":49,"column":0},"end":{"line":56,"column":3}},"5":{"start":{"line":50,"column":2},"end":{"line":50,"column":42}},"6":{"start":{"line":50,"column":25},"end":{"line":50,"column":42}},"7":{"start":{"line":51,"column":29},"end":{"line":51,"column":67}},"8":{"start":{"line":52,"column":31},"end":{"line":54,"column":13}},"9":{"start":{"line":55,"column":2},"end":{"line":55,"column":30}},"10":{"start":{"line":58,"column":13},"end":{"line":58,"column":47}},"11":{"start":{"line":59,"column":0},"end":{"line":59,"column":22}}},"fnMap":{"0":{"name":"(anonymous_0)","decl":{"start":{"line":49,"column":47},"end":{"line":49,"column":48}},"loc":{"start":{"line":49,"column":59},"end":{"line":56,"column":1}},"line":49}},"branchMap":{"0":{"loc":{"start":{"line":50,"column":2},"end":{"line":50,"column":42}},"type":"if","locations":[{"start":{"line":50,"column":2},"end":{"line":50,"column":42}},{"start":{},"end":{}}],"line":50}},"s":{"0":1,"1":1,"2":1,"3":1,"4":1,"5":0,"6":0,"7":0,"8":0,"9":0,"10":1,"11":1},"f":{"0":0},"b":{"0":[0,0]},"_coverageSchema":"1a1c01bbd47fc00a2c39e90264f33305004495a9","hash":"261f8e2e65039c70184eae03fd07bede236216c8"}
,"C:\\Users\\wisdo\\Desktop\\AltSchool\\Second Semester\\Backend_Engineering\\Blogging_app\\models\\userModel.js": {"path":"C:\\Users\\wisdo\\Desktop\\AltSchool\\Second Semester\\Backend_Engineering\\Blogging_app\\models\\userModel.js","statementMap":{"0":{"start":{"line":1,"column":15},"end":{"line":1,"column":32}},"1":{"start":{"line":2,"column":17},"end":{"line":2,"column":36}},"2":{"start":{"line":3,"column":15},"end":{"line":3,"column":32}},"3":{"start":{"line":4,"column":18},"end":{"line":4,"column":38}},"4":{"start":{"line":6,"column":15},"end":{"line":6,"column":30}},"5":{"start":{"line":8,"column":19},"end":{"line":56,"column":2}},"6":{"start":{"line":39,"column":8},"end":{"line":39,"column":37}},"7":{"start":{"line":59,"column":0},"end":{"line":62,"column":3}},"8":{"start":{"line":60,"column":2},"end":{"line":60,"column":40}},"9":{"start":{"line":61,"column":2},"end":{"line":61,"column":9}},"10":{"start":{"line":65,"column":0},"end":{"line":74,"column":3}},"11":{"start":{"line":66,"column":2},"end":{"line":66,"column":50}},"12":{"start":{"line":66,"column":36},"end":{"line":66,"column":50}},"13":{"start":{"line":68,"column":25},"end":{"line":68,"column":61}},"14":{"start":{"line":70,"column":2},"end":{"line":70,"column":33}},"15":{"start":{"line":72,"column":2},"end":{"line":72,"column":35}},"16":{"start":{"line":73,"column":2},"end":{"line":73,"column":9}},"17":{"start":{"line":77,"column":0},"end":{"line":81,"column":3}},"18":{"start":{"line":78,"column":2},"end":{"line":78,"column":64}},"19":{"start":{"line":78,"column":50},"end":{"line":78,"column":64}},"20":{"start":{"line":79,"column":2},"end":{"line":79,"column":46}},"21":{"start":{"line":80,"column":2},"end":{"line":80,"column":9}},"22":{"start":{"line":84,"column":0},"end":{"line":86,"column":2}},"23":{"start":{"line":85,"column":2},"end":{"line":85,"column":63}},"24":{"start":{"line":89,"column":0},"end":{"line":94,"column":2}},"25":{"start":{"line":90,"column":2},"end":{"line":90,"column":45}},"26":{"start":{"line":90,"column":32},"end":{"line":90,"column":45}},"27":{"start":{"line":91,"column":21},"end":{"line":91,"column":59}},"28":{"start":{"line":92,"column":2},"end":{"line":92,"column":59}},"29":{"start":{"line":93,"column":2},"end":{"line":93,"column":46}},"30":{"start":{"line":97,"column":0},"end":{"line":104,"column":2}},"31":{"start":{"line":98,"column":16},"end":{"line":98,"column":54}},"32":{"start":{"line":99,"column":22},"end":{"line":99,"column":77}},"33":{"start":{"line":100,"column":2},"end":{"line":100,"column":40}},"34":{"start":{"line":101,"column":2},"end":{"line":101,"column":66}},"35":{"start":{"line":102,"column":2},"end":{"line":102,"column":34}},"36":{"start":{"line":103,"column":2},"end":{"line":103,"column":15}},"37":{"start":{"line":106,"column":13},"end":{"line":106,"column":47}},"38":{"start":{"line":108,"column":0},"end":{"line":108,"column":22}}},"fnMap":{"0":{"name":"(anonymous_0)","decl":{"start":{"line":38,"column":17},"end":{"line":38,"column":18}},"loc":{"start":{"line":38,"column":32},"end":{"line":40,"column":7}},"line":38},"1":{"name":"(anonymous_1)","decl":{"start":{"line":59,"column":24},"end":{"line":59,"column":25}},"loc":{"start":{"line":59,"column":40},"end":{"line":62,"column":1}},"line":59},"2":{"name":"(anonymous_2)","decl":{"start":{"line":65,"column":23},"end":{"line":65,"column":24}},"loc":{"start":{"line":65,"column":45},"end":{"line":74,"column":1}},"line":65},"3":{"name":"(anonymous_3)","decl":{"start":{"line":77,"column":23},"end":{"line":77,"column":24}},"loc":{"start":{"line":77,"column":45},"end":{"line":81,"column":1}},"line":77},"4":{"name":"(anonymous_4)","decl":{"start":{"line":84,"column":39},"end":{"line":84,"column":40}},"loc":{"start":{"line":84,"column":73},"end":{"line":86,"column":1}},"line":84},"5":{"name":"(anonymous_5)","decl":{"start":{"line":89,"column":38},"end":{"line":89,"column":39}},"loc":{"start":{"line":89,"column":57},"end":{"line":94,"column":1}},"line":89},"6":{"name":"(anonymous_6)","decl":{"start":{"line":97,"column":35},"end":{"line":97,"column":36}},"loc":{"start":{"line":97,"column":47},"end":{"line":104,"column":1}},"line":97}},"branchMap":{"0":{"loc":{"start":{"line":66,"column":2},"end":{"line":66,"column":50}},"type":"if","locations":[{"start":{"line":66,"column":2},"end":{"line":66,"column":50}},{"start":{},"end":{}}],"line":66},"1":{"loc":{"start":{"line":78,"column":2},"end":{"line":78,"column":64}},"type":"if","locations":[{"start":{"line":78,"column":2},"end":{"line":78,"column":64}},{"start":{},"end":{}}],"line":78},"2":{"loc":{"start":{"line":78,"column":6},"end":{"line":78,"column":48}},"type":"binary-expr","locations":[{"start":{"line":78,"column":6},"end":{"line":78,"column":34}},{"start":{"line":78,"column":38},"end":{"line":78,"column":48}}],"line":78},"3":{"loc":{"start":{"line":90,"column":2},"end":{"line":90,"column":45}},"type":"if","locations":[{"start":{"line":90,"column":2},"end":{"line":90,"column":45}},{"start":{},"end":{}}],"line":90}},"s":{"0":1,"1":1,"2":1,"3":1,"4":1,"5":1,"6":0,"7":1,"8":1,"9":1,"10":1,"11":0,"12":0,"13":0,"14":0,"15":0,"16":0,"17":1,"18":0,"19":0,"20":0,"21":0,"22":1,"23":0,"24":1,"25":0,"26":0,"27":0,"28":0,"29":0,"30":1,"31":0,"32":0,"33":0,"34":0,"35":0,"36":0,"37":1,"38":1},"f":{"0":0,"1":1,"2":0,"3":0,"4":0,"5":0,"6":0},"b":{"0":[0,0],"1":[0,0],"2":[0,0],"3":[0,0]},"_coverageSchema":"1a1c01bbd47fc00a2c39e90264f33305004495a9","hash":"b08567e09ffca8370c9cab810b9763e57dd0f5e4"}
,"C:\\Users\\wisdo\\Desktop\\AltSchool\\Second Semester\\Backend_Engineering\\Blogging_app\\routes\\authRoutes.js": {"path":"C:\\Users\\wisdo\\Desktop\\AltSchool\\Second Semester\\Backend_Engineering\\Blogging_app\\routes\\authRoutes.js","statementMap":{"0":{"start":{"line":1,"column":16},"end":{"line":1,"column":34}},"1":{"start":{"line":8,"column":4},"end":{"line":8,"column":44}},"2":{"start":{"line":10,"column":15},"end":{"line":10,"column":31}},"3":{"start":{"line":12,"column":0},"end":{"line":12,"column":35}},"4":{"start":{"line":13,"column":0},"end":{"line":13,"column":35}},"5":{"start":{"line":14,"column":0},"end":{"line":14,"column":47}},"6":{"start":{"line":15,"column":0},"end":{"line":15,"column":53}},"7":{"start":{"line":17,"column":0},"end":{"line":17,"column":24}}},"fnMap":{},"branchMap":{},"s":{"0":1,"1":1,"2":1,"3":1,"4":1,"5":1,"6":1,"7":1},"f":{},"b":{},"_coverageSchema":"1a1c01bbd47fc00a2c39e90264f33305004495a9","hash":"7226a36cfdeedda1332a05e510a5c096b77604ee"}
,"C:\\Users\\wisdo\\Desktop\\AltSchool\\Second Semester\\Backend_Engineering\\Blogging_app\\routes\\blogRoutes.js": {"path":"C:\\Users\\wisdo\\Desktop\\AltSchool\\Second Semester\\Backend_Engineering\\Blogging_app\\routes\\blogRoutes.js","statementMap":{"0":{"start":{"line":1,"column":16},"end":{"line":1,"column":34}},"1":{"start":{"line":2,"column":17},"end":{"line":2,"column":36}},"2":{"start":{"line":11,"column":4},"end":{"line":11,"column":44}},"3":{"start":{"line":13,"column":15},"end":{"line":13,"column":31}},"4":{"start":{"line":15,"column":0},"end":{"line":18,"column":70}},"5":{"start":{"line":20,"column":0},"end":{"line":22,"column":72}},"6":{"start":{"line":24,"column":0},"end":{"line":28,"column":72}},"7":{"start":{"line":30,"column":0},"end":{"line":30,"column":24}}},"fnMap":{},"branchMap":{},"s":{"0":1,"1":1,"2":1,"3":1,"4":1,"5":1,"6":1,"7":1},"f":{},"b":{},"_coverageSchema":"1a1c01bbd47fc00a2c39e90264f33305004495a9","hash":"8325ccadb4f5b1c4dff0f873ac8f23a81b3cfb7e"}
,"C:\\Users\\wisdo\\Desktop\\AltSchool\\Second Semester\\Backend_Engineering\\Blogging_app\\routes\\userRoutes.js": {"path":"C:\\Users\\wisdo\\Desktop\\AltSchool\\Second Semester\\Backend_Engineering\\Blogging_app\\routes\\userRoutes.js","statementMap":{"0":{"start":{"line":1,"column":16},"end":{"line":1,"column":34}},"1":{"start":{"line":2,"column":17},"end":{"line":2,"column":36}},"2":{"start":{"line":9,"column":4},"end":{"line":9,"column":44}},"3":{"start":{"line":11,"column":15},"end":{"line":11,"column":31}},"4":{"start":{"line":13,"column":0},"end":{"line":13,"column":35}},"5":{"start":{"line":14,"column":0},"end":{"line":14,"column":34}},"6":{"start":{"line":15,"column":0},"end":{"line":17,"column":69}},"7":{"start":{"line":18,"column":0},"end":{"line":20,"column":70}},"8":{"start":{"line":22,"column":0},"end":{"line":22,"column":24}}},"fnMap":{},"branchMap":{},"s":{"0":1,"1":1,"2":1,"3":1,"4":1,"5":1,"6":1,"7":1,"8":1},"f":{},"b":{},"_coverageSchema":"1a1c01bbd47fc00a2c39e90264f33305004495a9","hash":"8dba8897b4e919ed811606d4edaef23c3578fcdb"}
,"C:\\Users\\wisdo\\Desktop\\AltSchool\\Second Semester\\Backend_Engineering\\Blogging_app\\utils\\apiFeatures.js": {"path":"C:\\Users\\wisdo\\Desktop\\AltSchool\\Second Semester\\Backend_Engineering\\Blogging_app\\utils\\apiFeatures.js","statementMap":{"0":{"start":{"line":3,"column":4},"end":{"line":3,"column":23}},"1":{"start":{"line":4,"column":4},"end":{"line":4,"column":35}},"2":{"start":{"line":7,"column":25},"end":{"line":16,"column":5}},"3":{"start":{"line":17,"column":24},"end":{"line":17,"column":47}},"4":{"start":{"line":19,"column":4},"end":{"line":19,"column":59}},"5":{"start":{"line":19,"column":34},"end":{"line":19,"column":57}},"6":{"start":{"line":20,"column":4},"end":{"line":20,"column":46}},"7":{"start":{"line":21,"column":4},"end":{"line":25,"column":5}},"8":{"start":{"line":22,"column":6},"end":{"line":24,"column":9}},"9":{"start":{"line":26,"column":4},"end":{"line":29,"column":5}},"10":{"start":{"line":27,"column":19},"end":{"line":27,"column":76}},"11":{"start":{"line":27,"column":65},"end":{"line":27,"column":75}},"12":{"start":{"line":28,"column":6},"end":{"line":28,"column":61}},"13":{"start":{"line":30,"column":4},"end":{"line":34,"column":5}},"14":{"start":{"line":31,"column":6},"end":{"line":33,"column":9}},"15":{"start":{"line":35,"column":4},"end":{"line":35,"column":16}},"16":{"start":{"line":38,"column":4},"end":{"line":43,"column":5}},"17":{"start":{"line":39,"column":21},"end":{"line":39,"column":63}},"18":{"start":{"line":40,"column":6},"end":{"line":40,"column":43}},"19":{"start":{"line":42,"column":6},"end":{"line":42,"column":49}},"20":{"start":{"line":44,"column":4},"end":{"line":44,"column":16}},"21":{"start":{"line":48,"column":4},"end":{"line":53,"column":5}},"22":{"start":{"line":49,"column":21},"end":{"line":49,"column":65}},"23":{"start":{"line":50,"column":6},"end":{"line":50,"column":45}},"24":{"start":{"line":52,"column":6},"end":{"line":52,"column":45}},"25":{"start":{"line":54,"column":4},"end":{"line":54,"column":16}},"26":{"start":{"line":57,"column":17},"end":{"line":57,"column":43}},"27":{"start":{"line":58,"column":18},"end":{"line":58,"column":46}},"28":{"start":{"line":59,"column":17},"end":{"line":59,"column":35}},"29":{"start":{"line":60,"column":4},"end":{"line":60,"column":52}},"30":{"start":{"line":61,"column":4},"end":{"line":61,"column":16}},"31":{"start":{"line":65,"column":0},"end":{"line":65,"column":29}}},"fnMap":{"0":{"name":"(anonymous_0)","decl":{"start":{"line":2,"column":2},"end":{"line":2,"column":3}},"loc":{"start":{"line":2,"column":34},"end":{"line":5,"column":3}},"line":2},"1":{"name":"(anonymous_1)","decl":{"start":{"line":6,"column":2},"end":{"line":6,"column":3}},"loc":{"start":{"line":6,"column":11},"end":{"line":36,"column":3}},"line":6},"2":{"name":"(anonymous_2)","decl":{"start":{"line":19,"column":25},"end":{"line":19,"column":26}},"loc":{"start":{"line":19,"column":34},"end":{"line":19,"column":57}},"line":19},"3":{"name":"(anonymous_3)","decl":{"start":{"line":27,"column":56},"end":{"line":27,"column":57}},"loc":{"start":{"line":27,"column":65},"end":{"line":27,"column":75}},"line":27},"4":{"name":"(anonymous_4)","decl":{"start":{"line":37,"column":2},"end":{"line":37,"column":3}},"loc":{"start":{"line":37,"column":9},"end":{"line":45,"column":3}},"line":37},"5":{"name":"(anonymous_5)","decl":{"start":{"line":46,"column":2},"end":{"line":46,"column":3}},"loc":{"start":{"line":46,"column":12},"end":{"line":55,"column":3}},"line":46},"6":{"name":"(anonymous_6)","decl":{"start":{"line":56,"column":2},"end":{"line":56,"column":3}},"loc":{"start":{"line":56,"column":13},"end":{"line":62,"column":3}},"line":56}},"branchMap":{"0":{"loc":{"start":{"line":21,"column":4},"end":{"line":25,"column":5}},"type":"if","locations":[{"start":{"line":21,"column":4},"end":{"line":25,"column":5}},{"start":{},"end":{}}],"line":21},"1":{"loc":{"start":{"line":26,"column":4},"end":{"line":29,"column":5}},"type":"if","locations":[{"start":{"line":26,"column":4},"end":{"line":29,"column":5}},{"start":{},"end":{}}],"line":26},"2":{"loc":{"start":{"line":30,"column":4},"end":{"line":34,"column":5}},"type":"if","locations":[{"start":{"line":30,"column":4},"end":{"line":34,"column":5}},{"start":{},"end":{}}],"line":30},"3":{"loc":{"start":{"line":38,"column":4},"end":{"line":43,"column":5}},"type":"if","locations":[{"start":{"line":38,"column":4},"end":{"line":43,"column":5}},{"start":{"line":41,"column":11},"end":{"line":43,"column":5}}],"line":38},"4":{"loc":{"start":{"line":48,"column":4},"end":{"line":53,"column":5}},"type":"if","locations":[{"start":{"line":48,"column":4},"end":{"line":53,"column":5}},{"start":{"line":51,"column":11},"end":{"line":53,"column":5}}],"line":48},"5":{"loc":{"start":{"line":57,"column":17},"end":{"line":57,"column":43}},"type":"binary-expr","locations":[{"start":{"line":57,"column":17},"end":{"line":57,"column":38}},{"start":{"line":57,"column":42},"end":{"line":57,"column":43}}],"line":57},"6":{"loc":{"start":{"line":58,"column":18},"end":{"line":58,"column":46}},"type":"binary-expr","locations":[{"start":{"line":58,"column":18},"end":{"line":58,"column":40}},{"start":{"line":58,"column":44},"end":{"line":58,"column":46}}],"line":58}},"s":{"0":0,"1":0,"2":0,"3":0,"4":0,"5":0,"6":0,"7":0,"8":0,"9":0,"10":0,"11":0,"12":0,"13":0,"14":0,"15":0,"16":0,"17":0,"18":0,"19":0,"20":0,"21":0,"22":0,"23":0,"24":0,"25":0,"26":0,"27":0,"28":0,"29":0,"30":0,"31":1},"f":{"0":0,"1":0,"2":0,"3":0,"4":0,"5":0,"6":0},"b":{"0":[0,0],"1":[0,0],"2":[0,0],"3":[0,0],"4":[0,0],"5":[0,0],"6":[0,0]},"_coverageSchema":"1a1c01bbd47fc00a2c39e90264f33305004495a9","hash":"8128152ffe0030b57f7b3536124dbcadfb3e5e7c"}
,"C:\\Users\\wisdo\\Desktop\\AltSchool\\Second Semester\\Backend_Engineering\\Blogging_app\\utils\\emaliSender.js": {"path":"C:\\Users\\wisdo\\Desktop\\AltSchool\\Second Semester\\Backend_Engineering\\Blogging_app\\utils\\emaliSender.js","statementMap":{"0":{"start":{"line":1,"column":19},"end":{"line":1,"column":40}},"1":{"start":{"line":3,"column":20},"end":{"line":23,"column":1}},"2":{"start":{"line":4,"column":18},"end":{"line":11,"column":4}},"3":{"start":{"line":14,"column":15},"end":{"line":20,"column":4}},"4":{"start":{"line":22,"column":2},"end":{"line":22,"column":49}},"5":{"start":{"line":25,"column":0},"end":{"line":25,"column":29}}},"fnMap":{"0":{"name":"(anonymous_0)","decl":{"start":{"line":3,"column":20},"end":{"line":3,"column":21}},"loc":{"start":{"line":3,"column":45},"end":{"line":23,"column":1}},"line":3}},"branchMap":{},"s":{"0":1,"1":1,"2":0,"3":0,"4":0,"5":1},"f":{"0":0},"b":{},"_coverageSchema":"1a1c01bbd47fc00a2c39e90264f33305004495a9","hash":"e9892f4b7efca6a067c68dac7d249d6dcf695604"}
}
