TN:
SF:app.js
FN:50,(anonymous_0)
FN:59,(anonymous_1)
FNF:2
FNH:0
FNDA:0,(anonymous_0)
FNDA:0,(anonymous_1)
DA:1,3
DA:2,3
DA:3,3
DA:4,3
DA:5,3
DA:6,3
DA:7,3
DA:9,3
DA:10,3
DA:11,3
DA:13,3
DA:16,3
DA:18,3
DA:19,3
DA:21,3
DA:24,3
DA:25,3
DA:28,3
DA:29,3
DA:32,3
DA:35,3
DA:40,3
DA:45,3
DA:46,3
DA:47,3
DA:50,3
DA:51,0
DA:59,3
DA:60,0
DA:61,0
DA:62,0
DA:68,3
LF:32
LH:28
BRDA:60,0,0,0
BRDA:60,0,1,0
BRDA:61,1,0,0
BRDA:61,1,1,0
BRF:4
BRH:0
end_of_record
TN:
SF:controllers\authController.js
FN:7,(anonymous_0)
FN:32,(anonymous_1)
FN:55,(anonymous_2)
FN:86,(anonymous_3)
FNF:4
FNH:2
FNDA:1,(anonymous_0)
FNDA:1,(anonymous_1)
FNDA:0,(anonymous_2)
FNDA:0,(anonymous_3)
DA:1,3
DA:3,3
DA:4,3
DA:5,3
DA:7,3
DA:8,1
DA:9,1
DA:10,1
DA:17,1
DA:18,1
DA:19,1
DA:20,1
DA:28,0
DA:32,3
DA:33,1
DA:34,1
DA:35,1
DA:36,0
DA:37,1
DA:38,1
DA:39,0
DA:40,1
DA:41,1
DA:42,1
DA:43,1
DA:51,0
DA:55,3
DA:56,0
DA:57,0
DA:58,0
DA:59,0
DA:60,0
DA:61,0
DA:62,0
DA:65,0
DA:66,0
DA:67,0
DA:68,0
DA:74,0
DA:75,0
DA:76,0
DA:77,0
DA:78,0
DA:86,3
DA:87,0
DA:88,0
DA:89,0
DA:91,0
DA:95,0
DA:96,0
DA:97,0
DA:99,0
DA:100,0
DA:102,0
DA:103,0
DA:104,0
DA:106,0
DA:107,0
DA:108,0
DA:109,0
DA:117,0
LF:61
LH:24
BRDA:35,0,0,0
BRDA:35,0,1,1
BRDA:35,1,0,1
BRDA:35,1,1,1
BRDA:38,2,0,0
BRDA:38,2,1,1
BRDA:38,3,0,1
BRDA:38,3,1,1
BRDA:58,4,0,0
BRDA:58,4,1,0
BRDA:95,5,0,0
BRDA:95,5,1,0
BRF:12
BRH:6
end_of_record
TN:
SF:controllers\blogController.js
FN:4,(anonymous_0)
FN:28,(anonymous_1)
FN:50,(anonymous_2)
FN:71,(anonymous_3)
FN:102,(anonymous_4)
FN:129,(anonymous_5)
FNF:6
FNH:5
FNDA:2,(anonymous_0)
FNDA:0,(anonymous_1)
FNDA:1,(anonymous_2)
FNDA:1,(anonymous_3)
FNDA:1,(anonymous_4)
FNDA:1,(anonymous_5)
DA:1,3
DA:2,3
DA:4,3
DA:5,2
DA:6,2
DA:14,2
DA:15,2
DA:24,0
DA:28,3
DA:29,0
DA:30,0
DA:31,0
DA:36,0
DA:37,0
DA:46,0
DA:50,3
DA:51,1
DA:52,1
DA:53,1
DA:57,1
DA:58,1
DA:59,1
DA:60,1
DA:67,0
DA:71,3
DA:72,1
DA:73,1
DA:78,1
DA:79,1
DA:80,0
DA:85,1
DA:88,1
DA:89,1
DA:90,1
DA:91,1
DA:98,0
DA:102,3
DA:103,1
DA:104,1
DA:105,1
DA:106,1
DA:107,1
DA:108,0
DA:113,1
DA:114,1
DA:118,1
DA:125,0
DA:129,3
DA:130,1
DA:131,1
DA:132,1
DA:133,1
DA:134,1
DA:135,0
DA:140,1
DA:141,1
DA:146,0
LF:57
LH:43
BRDA:18,0,0,2
BRDA:18,0,1,2
BRDA:40,1,0,0
BRDA:40,1,1,0
BRDA:57,2,0,0
BRDA:57,2,1,1
BRDA:79,3,0,0
BRDA:79,3,1,1
BRDA:79,4,0,1
BRDA:79,4,1,1
BRDA:87,5,0,1
BRDA:87,5,1,0
BRDA:106,6,0,0
BRDA:106,6,1,1
BRDA:107,7,0,0
BRDA:107,7,1,1
BRDA:133,8,0,0
BRDA:133,8,1,1
BRDA:134,9,0,0
BRDA:134,9,1,1
BRF:20
BRH:11
end_of_record
TN:
SF:controllers\userController.js
FN:5,(anonymous_0)
FN:7,(anonymous_1)
FN:13,(anonymous_2)
FN:34,(anonymous_3)
FN:50,(anonymous_4)
FN:77,(anonymous_5)
FN:117,(anonymous_6)
FNF:7
FNH:5
FNDA:1,(anonymous_0)
FNDA:1,(anonymous_1)
FNDA:1,(anonymous_2)
FNDA:1,(anonymous_3)
FNDA:1,(anonymous_4)
FNDA:0,(anonymous_5)
FNDA:0,(anonymous_6)
DA:1,3
DA:2,3
DA:3,3
DA:5,3
DA:6,1
DA:7,1
DA:8,1
DA:10,1
DA:13,3
DA:14,1
DA:15,1
DA:20,1
DA:21,1
DA:30,0
DA:34,3
DA:35,1
DA:36,1
DA:37,1
DA:38,1
DA:39,1
DA:46,0
DA:50,3
DA:51,1
DA:53,1
DA:54,0
DA:60,1
DA:62,1
DA:66,1
DA:73,0
DA:77,3
DA:78,0
DA:80,0
DA:83,0
DA:85,0
DA:86,0
DA:88,0
DA:89,0
DA:94,0
DA:95,0
DA:97,0
DA:98,0
DA:99,0
DA:102,0
DA:103,0
DA:104,0
DA:105,0
DA:113,0
DA:117,3
DA:118,0
DA:119,0
DA:120,0
DA:125,0
LF:52
LH:27
BRDA:8,0,0,1
BRDA:8,0,1,0
BRDA:24,1,0,1
BRDA:24,1,1,1
BRDA:38,2,0,0
BRDA:38,2,1,1
BRDA:53,3,0,0
BRDA:53,3,1,1
BRDA:53,4,0,1
BRDA:53,4,1,1
BRDA:85,5,0,0
BRDA:85,5,1,0
BRDA:88,6,0,0
BRDA:88,6,1,0
BRDA:94,7,0,0
BRDA:94,7,1,0
BRDA:94,8,0,0
BRDA:94,8,1,0
BRF:18
BRH:7
end_of_record
TN:
SF:middlewares\passport.js
FN:14,(anonymous_0)
FNF:1
FNH:1
FNDA:4,(anonymous_0)
DA:1,3
DA:2,3
DA:3,3
DA:5,3
DA:7,3
DA:15,4
DA:17,4
DA:18,4
DA:19,0
DA:23,4
DA:24,4
DA:25,0
DA:31,4
DA:33,0
LF:14
LH:11
BRDA:18,0,0,0
BRDA:18,0,1,4
BRDA:24,1,0,0
BRDA:24,1,1,4
BRF:4
BRH:2
end_of_record
TN:
SF:models\blogModel.js
FN:49,(anonymous_0)
FNF:1
FNH:1
FNDA:5,(anonymous_0)
DA:1,3
DA:3,3
DA:4,3
DA:5,3
DA:49,3
DA:50,5
DA:51,5
DA:52,5
DA:55,5
DA:58,3
DA:59,3
LF:11
LH:11
BRDA:50,0,0,0
BRDA:50,0,1,5
BRF:2
BRH:1
end_of_record
TN:
SF:models\userModel.js
FN:38,(anonymous_0)
FN:59,(anonymous_1)
FN:71,(anonymous_2)
FN:78,(anonymous_3)
FN:83,(anonymous_4)
FN:91,(anonymous_5)
FNF:6
FNH:5
FNDA:1,(anonymous_0)
FNDA:1,(anonymous_1)
FNDA:1,(anonymous_2)
FNDA:1,(anonymous_3)
FNDA:4,(anonymous_4)
FNDA:0,(anonymous_5)
DA:1,3
DA:2,3
DA:3,3
DA:4,3
DA:6,3
DA:8,3
DA:39,1
DA:59,3
DA:60,1
DA:62,1
DA:64,1
DA:66,1
DA:67,1
DA:71,3
DA:72,1
DA:73,0
DA:74,0
DA:78,3
DA:79,1
DA:83,3
DA:84,4
DA:85,0
DA:87,0
DA:91,3
DA:92,0
DA:93,0
DA:94,0
DA:95,0
DA:96,0
DA:97,0
DA:100,3
DA:102,3
LF:32
LH:22
BRDA:60,0,0,0
BRDA:60,0,1,1
BRDA:72,1,0,1
BRDA:72,1,1,0
BRDA:72,2,0,1
BRDA:72,2,1,1
BRDA:84,3,0,4
BRDA:84,3,1,0
BRF:8
BRH:5
end_of_record
TN:
SF:routes\authRoutes.js
FNF:0
FNH:0
DA:1,3
DA:8,3
DA:10,3
DA:12,3
DA:13,3
DA:14,3
DA:15,3
DA:17,3
LF:8
LH:8
BRF:0
BRH:0
end_of_record
TN:
SF:routes\blogRoutes.js
FNF:0
FNH:0
DA:1,3
DA:2,3
DA:11,3
DA:13,3
DA:15,3
DA:20,3
DA:24,3
DA:30,3
LF:8
LH:8
BRF:0
BRH:0
end_of_record
TN:
SF:routes\userRoutes.js
FNF:0
FNH:0
DA:1,3
DA:2,3
DA:10,3
DA:12,3
DA:14,3
DA:15,3
DA:16,3
DA:19,3
DA:23,3
DA:27,3
LF:10
LH:10
BRF:0
BRH:0
end_of_record
TN:
SF:utils\apiFeatures.js
FN:2,(anonymous_0)
FN:6,(anonymous_1)
FN:19,(anonymous_2)
FN:27,(anonymous_3)
FN:37,(anonymous_4)
FN:46,(anonymous_5)
FN:56,(anonymous_6)
FNF:7
FNH:6
FNDA:3,(anonymous_0)
FNDA:3,(anonymous_1)
FNDA:24,(anonymous_2)
FNDA:0,(anonymous_3)
FNDA:3,(anonymous_4)
FNDA:3,(anonymous_5)
FNDA:3,(anonymous_6)
DA:3,3
DA:4,3
DA:7,3
DA:17,3
DA:19,24
DA:20,3
DA:21,3
DA:22,0
DA:26,3
DA:27,0
DA:28,0
DA:30,3
DA:31,0
DA:35,3
DA:38,3
DA:39,0
DA:40,0
DA:42,3
DA:44,3
DA:48,3
DA:49,0
DA:50,0
DA:52,3
DA:54,3
DA:57,3
DA:58,3
DA:59,3
DA:60,3
DA:61,3
DA:65,3
LF:30
LH:22
BRDA:21,0,0,0
BRDA:21,0,1,3
BRDA:26,1,0,0
BRDA:26,1,1,3
BRDA:30,2,0,0
BRDA:30,2,1,3
BRDA:38,3,0,0
BRDA:38,3,1,3
BRDA:48,4,0,0
BRDA:48,4,1,3
BRDA:57,5,0,3
BRDA:57,5,1,3
BRDA:58,6,0,3
BRDA:58,6,1,3
BRF:14
BRH:9
end_of_record
TN:
SF:utils\emaliSender.js
FN:3,(anonymous_0)
FNF:1
FNH:0
FNDA:0,(anonymous_0)
DA:1,3
DA:3,3
DA:4,0
DA:13,0
DA:21,0
DA:23,0
DA:26,3
LF:7
LH:3
BRF:0
BRH:0
end_of_record
TN:
SF:utils\genToken.js
FN:3,(anonymous_0)
FNF:1
FNH:1
FNDA:2,(anonymous_0)
DA:1,3
DA:3,3
DA:4,2
DA:5,2
DA:9,2
LF:5
LH:5
BRF:0
BRH:0
end_of_record
