TN:
SF:app.js
FN:47,(anonymous_0)
FN:56,(anonymous_1)
FNF:2
FNH:1
FNDA:0,(anonymous_0)
FNDA:1,(anonymous_1)
DA:1,1
DA:2,1
DA:3,1
DA:4,1
DA:5,1
DA:6,1
DA:7,1
DA:9,1
DA:10,1
DA:11,1
DA:13,1
DA:16,1
DA:18,1
DA:19,1
DA:21,1
DA:24,1
DA:25,1
DA:28,1
DA:29,1
DA:32,1
DA:35,1
DA:40,1
DA:42,1
DA:43,1
DA:44,1
DA:47,1
DA:48,0
DA:56,1
DA:57,1
DA:58,1
DA:59,1
DA:60,1
DA:66,1
LF:33
LH:32
BRDA:58,0,0,1
BRDA:58,0,1,1
BRDA:59,1,0,1
BRDA:59,1,1,0
BRF:4
BRH:3
end_of_record
TN:
SF:controllers\authController.js
FN:7,(anonymous_0)
FN:16,(anonymous_1)
FN:40,(anonymous_2)
FN:62,(anonymous_3)
FN:93,(anonymous_4)
FNF:5
FNH:0
FNDA:0,(anonymous_0)
FNDA:0,(anonymous_1)
FNDA:0,(anonymous_2)
FNDA:0,(anonymous_3)
FNDA:0,(anonymous_4)
DA:1,1
DA:2,1
DA:4,1
DA:5,1
DA:7,1
DA:8,0
DA:9,0
DA:13,0
DA:16,1
DA:17,0
DA:18,0
DA:19,0
DA:26,0
DA:27,0
DA:28,0
DA:36,0
DA:40,1
DA:41,0
DA:42,0
DA:43,0
DA:44,0
DA:45,0
DA:46,0
DA:47,0
DA:48,0
DA:49,0
DA:50,0
DA:58,0
DA:62,1
DA:63,0
DA:64,0
DA:65,0
DA:66,0
DA:67,0
DA:68,0
DA:69,0
DA:72,0
DA:73,0
DA:74,0
DA:75,0
DA:81,0
DA:82,0
DA:83,0
DA:84,0
DA:85,0
DA:93,1
DA:94,0
DA:95,0
DA:96,0
DA:98,0
DA:102,0
DA:103,0
DA:104,0
DA:106,0
DA:107,0
DA:109,0
DA:110,0
DA:111,0
DA:113,0
DA:114,0
DA:115,0
DA:116,0
DA:124,0
LF:63
LH:9
BRDA:43,0,0,0
BRDA:43,0,1,0
BRDA:43,1,0,0
BRDA:43,1,1,0
BRDA:46,2,0,0
BRDA:46,2,1,0
BRDA:46,3,0,0
BRDA:46,3,1,0
BRDA:65,4,0,0
BRDA:65,4,1,0
BRDA:102,5,0,0
BRDA:102,5,1,0
BRF:12
BRH:0
end_of_record
TN:
SF:controllers\blogController.js
FN:4,(anonymous_0)
FN:28,(anonymous_1)
FN:50,(anonymous_2)
FN:71,(anonymous_3)
FN:103,(anonymous_4)
FN:130,(anonymous_5)
FNF:6
FNH:0
FNDA:0,(anonymous_0)
FNDA:0,(anonymous_1)
FNDA:0,(anonymous_2)
FNDA:0,(anonymous_3)
FNDA:0,(anonymous_4)
FNDA:0,(anonymous_5)
DA:1,1
DA:2,1
DA:4,1
DA:5,0
DA:6,0
DA:14,0
DA:15,0
DA:24,0
DA:28,1
DA:29,0
DA:30,0
DA:31,0
DA:36,0
DA:37,0
DA:46,0
DA:50,1
DA:51,0
DA:52,0
DA:53,0
DA:57,0
DA:58,0
DA:59,0
DA:60,0
DA:67,0
DA:71,1
DA:72,0
DA:73,0
DA:74,0
DA:79,0
DA:80,0
DA:81,0
DA:86,0
DA:89,0
DA:90,0
DA:91,0
DA:92,0
DA:99,0
DA:103,1
DA:104,0
DA:105,0
DA:106,0
DA:107,0
DA:108,0
DA:109,0
DA:114,0
DA:115,0
DA:119,0
DA:126,0
DA:130,1
DA:131,0
DA:132,0
DA:133,0
DA:134,0
DA:135,0
DA:136,0
DA:141,0
DA:142,0
DA:147,0
LF:58
LH:8
BRDA:18,0,0,0
BRDA:18,0,1,0
BRDA:40,1,0,0
BRDA:40,1,1,0
BRDA:57,2,0,0
BRDA:57,2,1,0
BRDA:80,3,0,0
BRDA:80,3,1,0
BRDA:80,4,0,0
BRDA:80,4,1,0
BRDA:88,5,0,0
BRDA:88,5,1,0
BRDA:107,6,0,0
BRDA:107,6,1,0
BRDA:108,7,0,0
BRDA:108,7,1,0
BRDA:134,8,0,0
BRDA:134,8,1,0
BRDA:135,9,0,0
BRDA:135,9,1,0
BRF:20
BRH:0
end_of_record
TN:
SF:controllers\userController.js
FN:4,(anonymous_0)
FN:6,(anonymous_1)
FN:12,(anonymous_2)
FN:33,(anonymous_3)
FN:49,(anonymous_4)
FN:76,(anonymous_5)
FNF:6
FNH:0
FNDA:0,(anonymous_0)
FNDA:0,(anonymous_1)
FNDA:0,(anonymous_2)
FNDA:0,(anonymous_3)
FNDA:0,(anonymous_4)
FNDA:0,(anonymous_5)
DA:1,1
DA:2,1
DA:4,1
DA:5,0
DA:6,0
DA:7,0
DA:9,0
DA:12,1
DA:13,0
DA:14,0
DA:19,0
DA:20,0
DA:29,0
DA:33,1
DA:34,0
DA:35,0
DA:36,0
DA:37,0
DA:38,0
DA:45,0
DA:49,1
DA:50,0
DA:52,0
DA:53,0
DA:59,0
DA:61,0
DA:65,0
DA:72,0
DA:76,1
DA:77,0
DA:78,0
DA:79,0
DA:84,0
LF:33
LH:7
BRDA:7,0,0,0
BRDA:7,0,1,0
BRDA:23,1,0,0
BRDA:23,1,1,0
BRDA:37,2,0,0
BRDA:37,2,1,0
BRDA:52,3,0,0
BRDA:52,3,1,0
BRDA:52,4,0,0
BRDA:52,4,1,0
BRF:10
BRH:0
end_of_record
TN:
SF:middlewares\passport.js
FN:14,(anonymous_0)
FNF:1
FNH:1
FNDA:1,(anonymous_0)
DA:1,1
DA:2,1
DA:3,1
DA:5,1
DA:7,1
DA:15,1
DA:17,1
DA:18,1
DA:19,1
DA:23,0
DA:24,0
DA:25,0
DA:31,0
DA:33,0
LF:14
LH:9
BRDA:18,0,0,1
BRDA:18,0,1,0
BRDA:24,1,0,0
BRDA:24,1,1,0
BRF:4
BRH:1
end_of_record
TN:
SF:models\blogModel.js
FN:49,(anonymous_0)
FNF:1
FNH:0
FNDA:0,(anonymous_0)
DA:1,1
DA:3,1
DA:4,1
DA:5,1
DA:49,1
DA:50,0
DA:51,0
DA:52,0
DA:55,0
DA:58,1
DA:59,1
LF:11
LH:7
BRDA:50,0,0,0
BRDA:50,0,1,0
BRF:2
BRH:0
end_of_record
TN:
SF:models\userModel.js
FN:38,(anonymous_0)
FN:59,(anonymous_1)
FN:65,(anonymous_2)
FN:77,(anonymous_3)
FN:84,(anonymous_4)
FN:89,(anonymous_5)
FN:97,(anonymous_6)
FNF:7
FNH:1
FNDA:0,(anonymous_0)
FNDA:1,(anonymous_1)
FNDA:0,(anonymous_2)
FNDA:0,(anonymous_3)
FNDA:0,(anonymous_4)
FNDA:0,(anonymous_5)
FNDA:0,(anonymous_6)
DA:1,1
DA:2,1
DA:3,1
DA:4,1
DA:6,1
DA:8,1
DA:39,0
DA:59,1
DA:60,1
DA:61,1
DA:65,1
DA:66,0
DA:68,0
DA:70,0
DA:72,0
DA:73,0
DA:77,1
DA:78,0
DA:79,0
DA:80,0
DA:84,1
DA:85,0
DA:89,1
DA:90,0
DA:91,0
DA:92,0
DA:93,0
DA:97,1
DA:98,0
DA:99,0
DA:100,0
DA:101,0
DA:102,0
DA:103,0
DA:106,1
DA:108,1
LF:36
LH:16
BRDA:66,0,0,0
BRDA:66,0,1,0
BRDA:78,1,0,0
BRDA:78,1,1,0
BRDA:78,2,0,0
BRDA:78,2,1,0
BRDA:90,3,0,0
BRDA:90,3,1,0
BRF:8
BRH:0
end_of_record
TN:
SF:routes\authRoutes.js
FNF:0
FNH:0
DA:1,1
DA:8,1
DA:10,1
DA:12,1
DA:13,1
DA:14,1
DA:15,1
DA:17,1
LF:8
LH:8
BRF:0
BRH:0
end_of_record
TN:
SF:routes\blogRoutes.js
FNF:0
FNH:0
DA:1,1
DA:2,1
DA:11,1
DA:13,1
DA:15,1
DA:20,1
DA:24,1
DA:30,1
LF:8
LH:8
BRF:0
BRH:0
end_of_record
TN:
SF:routes\userRoutes.js
FNF:0
FNH:0
DA:1,1
DA:2,1
DA:9,1
DA:11,1
DA:13,1
DA:14,1
DA:15,1
DA:18,1
DA:22,1
LF:9
LH:9
BRF:0
BRH:0
end_of_record
TN:
SF:utils\apiFeatures.js
FN:2,(anonymous_0)
FN:6,(anonymous_1)
FN:19,(anonymous_2)
FN:27,(anonymous_3)
FN:37,(anonymous_4)
FN:46,(anonymous_5)
FN:56,(anonymous_6)
FNF:7
FNH:0
FNDA:0,(anonymous_0)
FNDA:0,(anonymous_1)
FNDA:0,(anonymous_2)
FNDA:0,(anonymous_3)
FNDA:0,(anonymous_4)
FNDA:0,(anonymous_5)
FNDA:0,(anonymous_6)
DA:3,0
DA:4,0
DA:7,0
DA:17,0
DA:19,0
DA:20,0
DA:21,0
DA:22,0
DA:26,0
DA:27,0
DA:28,0
DA:30,0
DA:31,0
DA:35,0
DA:38,0
DA:39,0
DA:40,0
DA:42,0
DA:44,0
DA:48,0
DA:49,0
DA:50,0
DA:52,0
DA:54,0
DA:57,0
DA:58,0
DA:59,0
DA:60,0
DA:61,0
DA:65,1
LF:30
LH:1
BRDA:21,0,0,0
BRDA:21,0,1,0
BRDA:26,1,0,0
BRDA:26,1,1,0
BRDA:30,2,0,0
BRDA:30,2,1,0
BRDA:38,3,0,0
BRDA:38,3,1,0
BRDA:48,4,0,0
BRDA:48,4,1,0
BRDA:57,5,0,0
BRDA:57,5,1,0
BRDA:58,6,0,0
BRDA:58,6,1,0
BRF:14
BRH:0
end_of_record
TN:
SF:utils\emaliSender.js
FN:3,(anonymous_0)
FNF:1
FNH:0
FNDA:0,(anonymous_0)
DA:1,1
DA:3,1
DA:4,0
DA:14,0
DA:22,0
DA:25,1
LF:6
LH:3
BRF:0
BRH:0
end_of_record
